#
# There is insufficient memory for the Java Runtime Environment to continue.
# Native memory allocation (mmap) failed to map 150994944 bytes for committing reserved memory.
# Possible reasons:
#   The system is out of physical RAM or swap space
#   The process is running with CompressedOops enabled, and the Java Heap may be blocking the growth of the native heap
# Possible solutions:
#   Reduce memory load on the system
#   Increase physical memory or swap space
#   Check if swap backing store is full
#   Decrease Java heap size (-Xmx/-Xms)
#   Decrease number of Java threads
#   Decrease Java thread stack sizes (-Xss)
#   Set larger code cache with -XX:ReservedCodeCacheSize=
#   JVM is running with Unscaled Compressed Oops mode in which the Java heap is
#     placed in the first 4GB address space. The Java Heap base address is the
#     maximum limit for the native heap growth. Please use -XX:HeapBaseMinAddress
#     to set the Java Heap base and to place the Java Heap above 4GB virtual address.
# This output file may be truncated or incomplete.
#
#  Out of Memory Error (os_linux.cpp:2659), pid=12260, tid=12268
#
# JRE version: Java(TM) SE Runtime Environment (12.0.2+10) (build 12.0.2+10)
# Java VM: Java HotSpot(TM) 64-Bit Server VM (12.0.2+10, mixed mode, sharing, tiered, compressed oops, g1 gc, linux-amd64)
# Core dump will be written. Default location: Core dumps may be processed with "/usr/share/apport/apport %p %s %c %d %P" (or dumping to /home/jiwoo/programming/java/givearg/core.12260)
#

---------------  S U M M A R Y ------------

Command Line: --add-modules=ALL-SYSTEM --add-opens=java.base/java.util=ALL-UNNAMED --add-opens=java.base/java.lang=ALL-UNNAMED -Declipse.application=org.eclipse.jdt.ls.core.id1 -Dosgi.bundles.defaultStartLevel=4 -Declipse.product=org.eclipse.jdt.ls.core.product -Dfile.encoding=utf8 -Xverify:none -Xmx1G -XX:+UseG1GC -XX:+UseStringDeduplication /home/jiwoo/.vscode/extensions/redhat.java-0.49.0/server/plugins/org.eclipse.equinox.launcher_1.5.500.v20190715-1310.jar -configuration /home/jiwoo/.vscode/extensions/redhat.java-0.49.0/server/config_linux -data /home/jiwoo/.config/Code/User/workspaceStorage/b827e88373668a593810e2bbf8963356/redhat.java/jdt_ws

Host: Intel(R) Core(TM) i3-7100U CPU @ 2.40GHz, 4 cores, 3G, Ubuntu 18.04.3 LTS
Time: Wed Sep 25 12:37:15 2019 KST elapsed time: 10 seconds (0d 0h 0m 10s)

---------------  T H R E A D  ---------------

Current thread (0x00007f41a010d000):  VMThread "VM Thread" [stack: 0x00007f4184321000,0x00007f4184421000] [id=12268]

Stack: [0x00007f4184321000,0x00007f4184421000],  sp=0x00007f418441ef40,  free space=1015k
Native frames: (J=compiled Java code, A=aot compiled Java code, j=interpreted, Vv=VM code, C=native code)
V  [libjvm.so+0xe429e0]  VMError::report_and_die(int, char const*, char const*, __va_list_tag*, Thread*, unsigned char*, void*, void*, char const*, int, unsigned long)+0x310
V  [libjvm.so+0xe435ab]  VMError::report_and_die(Thread*, char const*, int, unsigned long, VMErrorType, char const*, __va_list_tag*)+0x2b
V  [libjvm.so+0x65d4b5]  report_vm_out_of_memory(char const*, int, unsigned long, VMErrorType, char const*, ...)+0xd5
V  [libjvm.so+0xbf7f38]  os::pd_commit_memory_or_exit(char*, unsigned long, unsigned long, bool, char const*)+0x108
V  [libjvm.so+0xbef71d]  os::commit_memory_or_exit(char*, unsigned long, unsigned long, bool, char const*)+0x1d
V  [libjvm.so+0x786ecc]  G1PageBasedVirtualSpace::commit_preferred_pages(unsigned long, unsigned long)+0x6c
V  [libjvm.so+0x787264]  G1PageBasedVirtualSpace::commit(unsigned long, unsigned long)+0x154
V  [libjvm.so+0x795030]  G1RegionsLargerThanCommitSizeMapper::commit_regions(unsigned int, unsigned long, WorkGang*)+0x40
V  [libjvm.so+0x8164b0]  HeapRegionManager::commit_regions(unsigned int, unsigned long, WorkGang*)+0x80
V  [libjvm.so+0x81720f]  HeapRegionManager::make_regions_available(unsigned int, unsigned int, WorkGang*)+0x3f
V  [libjvm.so+0x817789]  HeapRegionManager::expand_at(unsigned int, unsigned int, WorkGang*)+0x119
V  [libjvm.so+0x73c5f0]  G1CollectedHeap::expand(unsigned long, WorkGang*, double*)+0xe0
V  [libjvm.so+0x741b12]  G1CollectedHeap::do_collection_pause_at_safepoint(double)+0x9d2
V  [libjvm.so+0x7a8521]  VM_G1CollectForAllocation::doit()+0x81
V  [libjvm.so+0xe44fc7]  VM_Operation::evaluate()+0xe7
V  [libjvm.so+0xe4aebf]  VMThread::evaluate_operation(VM_Operation*) [clone .constprop.63]+0xff
V  [libjvm.so+0xe4b421]  VMThread::loop()+0x411
V  [libjvm.so+0xe4b873]  VMThread::run()+0x73
V  [libjvm.so+0xdd0b8f]  Thread::call_run()+0x16f
V  [libjvm.so+0xbfdc6e]  thread_native_entry(Thread*)+0xee

VM_Operation (0x00007f4127cfc810): G1CollectForAllocation, mode: safepoint, requested by thread 0x00007f412833d000


---------------  P R O C E S S  ---------------

Threads class SMR info:
_java_thread_list=0x00007f411800a7d0, length=23, elements={
0x00007f41a0012800, 0x00007f41a0110000, 0x00007f41a0112000, 0x00007f41a0118000,
0x00007f41a011a800, 0x00007f41a011c800, 0x00007f41a011e800, 0x00007f41a013d800,
0x00007f41a0199800, 0x00007f41a024a000, 0x00007f41a03c2800, 0x00007f41a0486800,
0x00007f41a048b000, 0x00007f4128120000, 0x00007f412817d800, 0x00007f4120001800,
0x00007f412833d000, 0x00007f41a04f7000, 0x00007f41a059a800, 0x00007f4120008800,
0x00007f4108001800, 0x00007f4108063800, 0x00007f4108077800
}

Java Threads: ( => current thread )
  0x00007f41a0012800 JavaThread "main" [_thread_blocked, id=12261, stack(0x00007f41a6f99000,0x00007f41a709a000)]
  0x00007f41a0110000 JavaThread "Reference Handler" daemon [_thread_blocked, id=12269, stack(0x00007f418421e000,0x00007f418431f000)]
  0x00007f41a0112000 JavaThread "Finalizer" daemon [_thread_blocked, id=12270, stack(0x00007f418411d000,0x00007f418421e000)]
  0x00007f41a0118000 JavaThread "Signal Dispatcher" daemon [_thread_blocked, id=12271, stack(0x00007f418401c000,0x00007f418411d000)]
  0x00007f41a011a800 JavaThread "C2 CompilerThread0" daemon [_thread_in_native, id=12272, stack(0x00007f41753ee000,0x00007f41754ef000)]
  0x00007f41a011c800 JavaThread "C1 CompilerThread0" daemon [_thread_blocked, id=12273, stack(0x00007f41752ed000,0x00007f41753ee000)]
  0x00007f41a011e800 JavaThread "Sweeper thread" daemon [_thread_blocked, id=12274, stack(0x00007f41751ec000,0x00007f41752ed000)]
  0x00007f41a013d800 JavaThread "Common-Cleaner" daemon [_thread_blocked, id=12275, stack(0x00007f41750eb000,0x00007f41751ec000)]
  0x00007f41a0199800 JavaThread "Service Thread" daemon [_thread_blocked, id=12276, stack(0x00007f4174fea000,0x00007f41750eb000)]
  0x00007f41a024a000 JavaThread "process reaper" daemon [_thread_blocked, id=12279, stack(0x00007f4174a9c000,0x00007f4174abe000)]
  0x00007f41a03c2800 JavaThread "Active Thread: Equinox Container: 6bdd2b9b-2bf4-4788-8782-963536b594b2" [_thread_blocked, id=12281, stack(0x00007f4174899000,0x00007f417499a000)]
  0x00007f41a0486800 JavaThread "Framework Event Dispatcher: Equinox Container: 6bdd2b9b-2bf4-4788-8782-963536b594b2" daemon [_thread_blocked, id=12288, stack(0x00007f4174798000,0x00007f4174899000)]
  0x00007f41a048b000 JavaThread "Start Level: Equinox Container: 6bdd2b9b-2bf4-4788-8782-963536b594b2" daemon [_thread_blocked, id=12289, stack(0x00007f4174697000,0x00007f4174798000)]
  0x00007f4128120000 JavaThread "Worker-JM" [_thread_blocked, id=12290, stack(0x00007f4174185000,0x00007f4174286000)]
  0x00007f412817d800 JavaThread "Worker-0" [_thread_blocked, id=12291, stack(0x00007f4174084000,0x00007f4174185000)]
  0x00007f4120001800 JavaThread "Worker-1: Java indexing... " [_thread_blocked, id=12292, stack(0x00007f4127eff000,0x00007f4128000000)]
  0x00007f412833d000 JavaThread "Java indexing" daemon [_thread_blocked, id=12293, stack(0x00007f4127bfe000,0x00007f4127cff000)]
  0x00007f41a04f7000 JavaThread "pool-2-thread-1" [_thread_blocked, id=12298, stack(0x00007f4126af5000,0x00007f4126bf6000)]
  0x00007f41a059a800 JavaThread "pool-1-thread-1" [_thread_in_native, id=12299, stack(0x00007f41267f4000,0x00007f41268f5000)]
  0x00007f4120008800 JavaThread "Worker-2" [_thread_blocked, id=12300, stack(0x00007f41264f3000,0x00007f41265f4000)]
  0x00007f4108001800 JavaThread "Worker-3" [_thread_blocked, id=12301, stack(0x00007f41263f2000,0x00007f41264f3000)]
  0x00007f4108063800 JavaThread "Worker-4" [_thread_blocked, id=12302, stack(0x00007f4125ef1000,0x00007f4125ff2000)]
  0x00007f4108077800 JavaThread "Bundle File Closer" daemon [_thread_blocked, id=12303, stack(0x00007f4125bf0000,0x00007f4125cf1000)]

Other Threads:
=>0x00007f41a010d000 VMThread "VM Thread" [stack: 0x00007f4184321000,0x00007f4184421000] [id=12268]
  0x00007f41a019c000 WatcherThread [stack: 0x00007f4174eea000,0x00007f4174fea000] [id=12277]
  0x00007f41a0050000 GCTaskThread "GC Thread#0" [stack: 0x00007f4185531000,0x00007f4185631000] [id=12262]
  0x00007f4160001000 GCTaskThread "GC Thread#1" [stack: 0x00007f417499c000,0x00007f4174a9c000] [id=12280]
  0x00007f4160007800 GCTaskThread "GC Thread#2" [stack: 0x00007f41278fe000,0x00007f41279fe000] [id=12294]
  0x00007f4160009000 GCTaskThread "GC Thread#3" [stack: 0x00007f41277fc000,0x00007f41278fc000] [id=12295]
  0x00007f41a0058800 ConcurrentGCThread "G1 Main Marker" [stack: 0x00007f418542f000,0x00007f418552f000] [id=12263]
  0x00007f41a005a800 ConcurrentGCThread "G1 Conc#0" [stack: 0x00007f418532d000,0x00007f418542d000] [id=12264]
  0x00007f41a009c000 ConcurrentGCThread "G1 Refine#0" [stack: 0x00007f4184e27000,0x00007f4184f27000] [id=12265]
  0x00007f4170001000 ConcurrentGCThread "G1 Refine#1" [stack: 0x00007f41276fa000,0x00007f41277fa000] [id=12296]
  0x00007f4110001000 ConcurrentGCThread "G1 Refine#2" [stack: 0x00007f41275f8000,0x00007f41276f8000] [id=12297]
  0x00007f41a009e000 ConcurrentGCThread "G1 Young RemSet Sampling" [stack: 0x00007f4184d25000,0x00007f4184e25000] [id=12266]
  0x00007f41a00a5000 ConcurrentGCThread "StrDedup" [stack: 0x00007f4184c23000,0x00007f4184d23000] [id=12267]

Threads with active compile tasks:
C2 CompilerThread0  4853       4       org.eclipse.jdt.internal.core.search.indexing.BinaryIndexer::extractReferenceFromConstantPool (341 bytes)

VM state:at safepoint (normal execution)

VM Mutex/Monitor currently owned by a thread:  ([mutex/lock_event])
[0x00007f41a000e4e0] Threads_lock - owner thread: 0x00007f41a010d000
[0x00007f41a000ecc0] Heap_lock - owner thread: 0x00007f412833d000

Heap address: 0x00000000c0000000, size: 1024 MB, Compressed Oops mode: 32-bit
Narrow klass base: 0x0000000800000000, Narrow klass shift: 3
Compressed class space size: 1073741824 Address: 0x000000080110c000

Heap:
 garbage-first heap   total 461824K, used 138863K [0x00000000c0000000, 0x0000000100000000)
  region size 1024K, 13 young (13312K), 13 survivors (13312K)
 Metaspace       used 39739K, capacity 41896K, committed 42112K, reserved 1087488K
  class space    used 4085K, capacity 4923K, committed 4992K, reserved 1048576K
Heap Regions: E=young(eden), S=young(survivor), O=old, HS=humongous(starts), HC=humongous(continues), CS=collection set, F=free, A=archive, TAMS=top-at-mark-start (previous, next)
|   0|0x00000000c0000000, 0x00000000c0100000, 0x00000000c0100000|100%| O|  |TAMS 0x00000000c0100000, 0x00000000c0000000| Untracked 
|   1|0x00000000c0100000, 0x00000000c0200000, 0x00000000c0200000|100%| O|  |TAMS 0x00000000c0200000, 0x00000000c0100000| Untracked 
|   2|0x00000000c0200000, 0x00000000c0300000, 0x00000000c0300000|100%| O|  |TAMS 0x00000000c0300000, 0x00000000c0200000| Untracked 
|   3|0x00000000c0300000, 0x00000000c0400000, 0x00000000c0400000|100%| O|  |TAMS 0x00000000c0400000, 0x00000000c0300000| Untracked 
|   4|0x00000000c0400000, 0x00000000c0500000, 0x00000000c0500000|100%| O|  |TAMS 0x00000000c0500000, 0x00000000c0400000| Untracked 
|   5|0x00000000c0500000, 0x00000000c0600000, 0x00000000c0600000|100%| O|  |TAMS 0x00000000c0600000, 0x00000000c0500000| Untracked 
|   6|0x00000000c0600000, 0x00000000c0700000, 0x00000000c0700000|100%| O|  |TAMS 0x00000000c0700000, 0x00000000c0600000| Untracked 
|   7|0x00000000c0700000, 0x00000000c07e0c00, 0x00000000c0800000| 87%| O|  |TAMS 0x00000000c07e0c00, 0x00000000c0700000| Untracked 
|   8|0x00000000c0800000, 0x00000000c0900000, 0x00000000c0900000|100%| O|  |TAMS 0x00000000c0900000, 0x00000000c0800000| Untracked 
|   9|0x00000000c0900000, 0x00000000c0a00000, 0x00000000c0a00000|100%| O|  |TAMS 0x00000000c0a00000, 0x00000000c0900000| Untracked 
|  10|0x00000000c0a00000, 0x00000000c0b00000, 0x00000000c0b00000|100%| O|  |TAMS 0x00000000c0acde00, 0x00000000c0a00000| Untracked 
|  11|0x00000000c0b00000, 0x00000000c0c00000, 0x00000000c0c00000|100%| O|  |TAMS 0x00000000c0b00000, 0x00000000c0b00000| Untracked 
|  12|0x00000000c0c00000, 0x00000000c0d00000, 0x00000000c0d00000|100%| O|  |TAMS 0x00000000c0d00000, 0x00000000c0c00000| Untracked 
|  13|0x00000000c0d00000, 0x00000000c0e00000, 0x00000000c0e00000|100%| O|  |TAMS 0x00000000c0e00000, 0x00000000c0d00000| Untracked 
|  14|0x00000000c0e00000, 0x00000000c0f00000, 0x00000000c0f00000|100%| O|  |TAMS 0x00000000c0f00000, 0x00000000c0e00000| Untracked 
|  15|0x00000000c0f00000, 0x00000000c1000000, 0x00000000c1000000|100%| O|  |TAMS 0x00000000c1000000, 0x00000000c0f00000| Untracked 
|  16|0x00000000c1000000, 0x00000000c1100000, 0x00000000c1100000|100%| O|  |TAMS 0x00000000c1100000, 0x00000000c1000000| Untracked 
|  17|0x00000000c1100000, 0x00000000c1200000, 0x00000000c1200000|100%| O|  |TAMS 0x00000000c1100000, 0x00000000c1100000| Untracked 
|  18|0x00000000c1200000, 0x00000000c1300000, 0x00000000c1300000|100%| O|  |TAMS 0x00000000c1200000, 0x00000000c1200000| Untracked 
|  19|0x00000000c1300000, 0x00000000c1400000, 0x00000000c1400000|100%|HS|  |TAMS 0x00000000c1300000, 0x00000000c1300000| Complete 
|  20|0x00000000c1400000, 0x00000000c1500000, 0x00000000c1500000|100%| O|  |TAMS 0x00000000c1400000, 0x00000000c1400000| Untracked 
|  21|0x00000000c1500000, 0x00000000c1600000, 0x00000000c1600000|100%| O|  |TAMS 0x00000000c1500000, 0x00000000c1500000| Untracked 
|  22|0x00000000c1600000, 0x00000000c1700000, 0x00000000c1700000|100%| O|  |TAMS 0x00000000c1600000, 0x00000000c1600000| Untracked 
|  23|0x00000000c1700000, 0x00000000c1800000, 0x00000000c1800000|100%| O|  |TAMS 0x00000000c1700000, 0x00000000c1700000| Untracked 
|  24|0x00000000c1800000, 0x00000000c1900000, 0x00000000c1900000|100%| O|  |TAMS 0x00000000c1800000, 0x00000000c1800000| Untracked 
|  25|0x00000000c1900000, 0x00000000c1a00000, 0x00000000c1a00000|100%| O|  |TAMS 0x00000000c1900000, 0x00000000c1900000| Untracked 
|  26|0x00000000c1a00000, 0x00000000c1b00000, 0x00000000c1b00000|100%| O|  |TAMS 0x00000000c1a00000, 0x00000000c1a00000| Untracked 
|  27|0x00000000c1b00000, 0x00000000c1c00000, 0x00000000c1c00000|100%| O|  |TAMS 0x00000000c1b00000, 0x00000000c1b00000| Untracked 
|  28|0x00000000c1c00000, 0x00000000c1d00000, 0x00000000c1d00000|100%| O|  |TAMS 0x00000000c1c00000, 0x00000000c1c00000| Untracked 
|  29|0x00000000c1d00000, 0x00000000c1e00000, 0x00000000c1e00000|100%| O|  |TAMS 0x00000000c1d00000, 0x00000000c1d00000| Untracked 
|  30|0x00000000c1e00000, 0x00000000c1f00000, 0x00000000c1f00000|100%| O|  |TAMS 0x00000000c1e00000, 0x00000000c1e00000| Untracked 
|  31|0x00000000c1f00000, 0x00000000c2000000, 0x00000000c2000000|100%| O|  |TAMS 0x00000000c1f00000, 0x00000000c1f00000| Untracked 
|  32|0x00000000c2000000, 0x00000000c2100000, 0x00000000c2100000|100%| O|  |TAMS 0x00000000c2000000, 0x00000000c2000000| Untracked 
|  33|0x00000000c2100000, 0x00000000c2200000, 0x00000000c2200000|100%| O|  |TAMS 0x00000000c2100000, 0x00000000c2100000| Untracked 
|  34|0x00000000c2200000, 0x00000000c2300000, 0x00000000c2300000|100%| O|  |TAMS 0x00000000c2200000, 0x00000000c2200000| Untracked 
|  35|0x00000000c2300000, 0x00000000c2400000, 0x00000000c2400000|100%| O|  |TAMS 0x00000000c2300000, 0x00000000c2300000| Untracked 
|  36|0x00000000c2400000, 0x00000000c2500000, 0x00000000c2500000|100%| O|  |TAMS 0x00000000c2400000, 0x00000000c2400000| Untracked 
|  37|0x00000000c2500000, 0x00000000c2600000, 0x00000000c2600000|100%| O|  |TAMS 0x00000000c2500000, 0x00000000c2500000| Untracked 
|  38|0x00000000c2600000, 0x00000000c2700000, 0x00000000c2700000|100%| O|  |TAMS 0x00000000c2600000, 0x00000000c2600000| Untracked 
|  39|0x00000000c2700000, 0x00000000c2800000, 0x00000000c2800000|100%| O|  |TAMS 0x00000000c2700000, 0x00000000c2700000| Untracked 
|  40|0x00000000c2800000, 0x00000000c2900000, 0x00000000c2900000|100%| O|  |TAMS 0x00000000c2800000, 0x00000000c2800000| Untracked 
|  41|0x00000000c2900000, 0x00000000c2a00000, 0x00000000c2a00000|100%| O|  |TAMS 0x00000000c2900000, 0x00000000c2900000| Untracked 
|  42|0x00000000c2a00000, 0x00000000c2b00000, 0x00000000c2b00000|100%| O|  |TAMS 0x00000000c2a00000, 0x00000000c2a00000| Untracked 
|  43|0x00000000c2b00000, 0x00000000c2c00000, 0x00000000c2c00000|100%| O|  |TAMS 0x00000000c2b00000, 0x00000000c2b00000| Untracked 
|  44|0x00000000c2c00000, 0x00000000c2d00000, 0x00000000c2d00000|100%| O|  |TAMS 0x00000000c2d00000, 0x00000000c2c00000| Untracked 
|  45|0x00000000c2d00000, 0x00000000c2e00000, 0x00000000c2e00000|100%| O|  |TAMS 0x00000000c2e00000, 0x00000000c2d00000| Untracked 
|  46|0x00000000c2e00000, 0x00000000c2f00000, 0x00000000c2f00000|100%| O|  |TAMS 0x00000000c2e00000, 0x00000000c2e00000| Untracked 
|  47|0x00000000c2f00000, 0x00000000c3000000, 0x00000000c3000000|100%| O|  |TAMS 0x00000000c2f00000, 0x00000000c2f00000| Untracked 
|  48|0x00000000c3000000, 0x00000000c3100000, 0x00000000c3100000|100%|HS|  |TAMS 0x00000000c3000000, 0x00000000c3000000| Complete 
|  49|0x00000000c3100000, 0x00000000c3200000, 0x00000000c3200000|100%| O|  |TAMS 0x00000000c3100000, 0x00000000c3100000| Untracked 
|  50|0x00000000c3200000, 0x00000000c3300000, 0x00000000c3300000|100%| O|  |TAMS 0x00000000c3200000, 0x00000000c3200000| Untracked 
|  51|0x00000000c3300000, 0x00000000c3400000, 0x00000000c3400000|100%| O|  |TAMS 0x00000000c3300000, 0x00000000c3300000| Untracked 
|  52|0x00000000c3400000, 0x00000000c3500000, 0x00000000c3500000|100%| O|  |TAMS 0x00000000c3400000, 0x00000000c3400000| Untracked 
|  53|0x00000000c3500000, 0x00000000c3600000, 0x00000000c3600000|100%| O|  |TAMS 0x00000000c3500000, 0x00000000c3500000| Untracked 
|  54|0x00000000c3600000, 0x00000000c3700000, 0x00000000c3700000|100%| O|  |TAMS 0x00000000c3600000, 0x00000000c3600000| Untracked 
|  55|0x00000000c3700000, 0x00000000c3800000, 0x00000000c3800000|100%|HS|  |TAMS 0x00000000c3700000, 0x00000000c3700000| Complete 
|  56|0x00000000c3800000, 0x00000000c3900000, 0x00000000c3900000|100%|HC|  |TAMS 0x00000000c3800000, 0x00000000c3800000| Complete 
|  57|0x00000000c3900000, 0x00000000c3a00000, 0x00000000c3a00000|100%| O|  |TAMS 0x00000000c3900000, 0x00000000c3900000| Untracked 
|  58|0x00000000c3a00000, 0x00000000c3b00000, 0x00000000c3b00000|100%| O|  |TAMS 0x00000000c3a00000, 0x00000000c3a00000| Untracked 
|  59|0x00000000c3b00000, 0x00000000c3c00000, 0x00000000c3c00000|100%| O|  |TAMS 0x00000000c3b00000, 0x00000000c3b00000| Untracked 
|  60|0x00000000c3c00000, 0x00000000c3d00000, 0x00000000c3d00000|100%| O|  |TAMS 0x00000000c3c00000, 0x00000000c3c00000| Untracked 
|  61|0x00000000c3d00000, 0x00000000c3e00000, 0x00000000c3e00000|100%| O|  |TAMS 0x00000000c3d00000, 0x00000000c3d00000| Untracked 
|  62|0x00000000c3e00000, 0x00000000c3f00000, 0x00000000c3f00000|100%| O|  |TAMS 0x00000000c3e00000, 0x00000000c3e00000| Untracked 
|  63|0x00000000c3f00000, 0x00000000c4000000, 0x00000000c4000000|100%| O|  |TAMS 0x00000000c3f00000, 0x00000000c3f00000| Untracked 
|  64|0x00000000c4000000, 0x00000000c4100000, 0x00000000c4100000|100%| O|  |TAMS 0x00000000c4000000, 0x00000000c4000000| Untracked 
|  65|0x00000000c4100000, 0x00000000c4200000, 0x00000000c4200000|100%| O|  |TAMS 0x00000000c4100000, 0x00000000c4100000| Untracked 
|  66|0x00000000c4200000, 0x00000000c4300000, 0x00000000c4300000|100%| O|  |TAMS 0x00000000c4200000, 0x00000000c4200000| Untracked 
|  67|0x00000000c4300000, 0x00000000c4400000, 0x00000000c4400000|100%| O|  |TAMS 0x00000000c4300000, 0x00000000c4300000| Untracked 
|  68|0x00000000c4400000, 0x00000000c4500000, 0x00000000c4500000|100%| O|  |TAMS 0x00000000c4400000, 0x00000000c4400000| Untracked 
|  69|0x00000000c4500000, 0x00000000c4600000, 0x00000000c4600000|100%| O|  |TAMS 0x00000000c4500000, 0x00000000c4500000| Untracked 
|  70|0x00000000c4600000, 0x00000000c4700000, 0x00000000c4700000|100%| O|  |TAMS 0x00000000c4600000, 0x00000000c4600000| Untracked 
|  71|0x00000000c4700000, 0x00000000c4800000, 0x00000000c4800000|100%| O|  |TAMS 0x00000000c4700000, 0x00000000c4700000| Untracked 
|  72|0x00000000c4800000, 0x00000000c4900000, 0x00000000c4900000|100%| O|  |TAMS 0x00000000c4800000, 0x00000000c4800000| Untracked 
|  73|0x00000000c4900000, 0x00000000c4a00000, 0x00000000c4a00000|100%| O|  |TAMS 0x00000000c4900000, 0x00000000c4900000| Untracked 
|  74|0x00000000c4a00000, 0x00000000c4b00000, 0x00000000c4b00000|100%| O|  |TAMS 0x00000000c4a00000, 0x00000000c4a00000| Untracked 
|  75|0x00000000c4b00000, 0x00000000c4c00000, 0x00000000c4c00000|100%| O|  |TAMS 0x00000000c4b00000, 0x00000000c4b00000| Untracked 
|  76|0x00000000c4c00000, 0x00000000c4d00000, 0x00000000c4d00000|100%| O|  |TAMS 0x00000000c4c00000, 0x00000000c4c00000| Untracked 
|  77|0x00000000c4d00000, 0x00000000c4e00000, 0x00000000c4e00000|100%| O|  |TAMS 0x00000000c4d00000, 0x00000000c4d00000| Untracked 
|  78|0x00000000c4e00000, 0x00000000c4f00000, 0x00000000c4f00000|100%| O|  |TAMS 0x00000000c4e00000, 0x00000000c4e00000| Untracked 
|  79|0x00000000c4f00000, 0x00000000c5000000, 0x00000000c5000000|100%| O|  |TAMS 0x00000000c4f00000, 0x00000000c4f00000| Untracked 
|  80|0x00000000c5000000, 0x00000000c5100000, 0x00000000c5100000|100%|HS|  |TAMS 0x00000000c5000000, 0x00000000c5000000| Complete 
|  81|0x00000000c5100000, 0x00000000c5200000, 0x00000000c5200000|100%|HC|  |TAMS 0x00000000c5100000, 0x00000000c5100000| Complete 
|  82|0x00000000c5200000, 0x00000000c5300000, 0x00000000c5300000|100%|HC|  |TAMS 0x00000000c5200000, 0x00000000c5200000| Complete 
|  83|0x00000000c5300000, 0x00000000c5400000, 0x00000000c5400000|100%|HC|  |TAMS 0x00000000c5300000, 0x00000000c5300000| Complete 
|  84|0x00000000c5400000, 0x00000000c5500000, 0x00000000c5500000|100%| O|  |TAMS 0x00000000c5400000, 0x00000000c5400000| Untracked 
|  85|0x00000000c5500000, 0x00000000c5600000, 0x00000000c5600000|100%| O|  |TAMS 0x00000000c5500000, 0x00000000c5500000| Untracked 
|  86|0x00000000c5600000, 0x00000000c5700000, 0x00000000c5700000|100%| O|  |TAMS 0x00000000c5600000, 0x00000000c5600000| Untracked 
|  87|0x00000000c5700000, 0x00000000c5800000, 0x00000000c5800000|100%| O|  |TAMS 0x00000000c5700000, 0x00000000c5700000| Untracked 
|  88|0x00000000c5800000, 0x00000000c5900000, 0x00000000c5900000|100%| O|  |TAMS 0x00000000c5800000, 0x00000000c5800000| Untracked 
|  89|0x00000000c5900000, 0x00000000c5a00000, 0x00000000c5a00000|100%| O|  |TAMS 0x00000000c5900000, 0x00000000c5900000| Untracked 
|  90|0x00000000c5a00000, 0x00000000c5b00000, 0x00000000c5b00000|100%| O|  |TAMS 0x00000000c5a00000, 0x00000000c5a00000| Untracked 
|  91|0x00000000c5b00000, 0x00000000c5c00000, 0x00000000c5c00000|100%| O|  |TAMS 0x00000000c5b00000, 0x00000000c5b00000| Untracked 
|  92|0x00000000c5c00000, 0x00000000c5d00000, 0x00000000c5d00000|100%| O|  |TAMS 0x00000000c5c00000, 0x00000000c5c00000| Untracked 
|  93|0x00000000c5d00000, 0x00000000c5e00000, 0x00000000c5e00000|100%| O|  |TAMS 0x00000000c5d00000, 0x00000000c5d00000| Untracked 
|  94|0x00000000c5e00000, 0x00000000c5f00000, 0x00000000c5f00000|100%| O|  |TAMS 0x00000000c5e00000, 0x00000000c5e00000| Untracked 
|  95|0x00000000c5f00000, 0x00000000c6000000, 0x00000000c6000000|100%| O|  |TAMS 0x00000000c5f00000, 0x00000000c5f00000| Untracked 
|  96|0x00000000c6000000, 0x00000000c6100000, 0x00000000c6100000|100%| O|  |TAMS 0x00000000c6000000, 0x00000000c6000000| Untracked 
|  97|0x00000000c6100000, 0x00000000c6200000, 0x00000000c6200000|100%| O|  |TAMS 0x00000000c6100000, 0x00000000c6100000| Untracked 
|  98|0x00000000c6200000, 0x00000000c6300000, 0x00000000c6300000|100%| O|  |TAMS 0x00000000c6200000, 0x00000000c6200000| Untracked 
|  99|0x00000000c6300000, 0x00000000c6400000, 0x00000000c6400000|100%| O|  |TAMS 0x00000000c6300000, 0x00000000c6300000| Untracked 
| 100|0x00000000c6400000, 0x00000000c6500000, 0x00000000c6500000|100%| O|  |TAMS 0x00000000c6400000, 0x00000000c6400000| Untracked 
| 101|0x00000000c6500000, 0x00000000c6600000, 0x00000000c6600000|100%| O|  |TAMS 0x00000000c6500000, 0x00000000c6500000| Untracked 
| 102|0x00000000c6600000, 0x00000000c6700000, 0x00000000c6700000|100%| O|  |TAMS 0x00000000c6600000, 0x00000000c6600000| Untracked 
| 103|0x00000000c6700000, 0x00000000c6800000, 0x00000000c6800000|100%| O|  |TAMS 0x00000000c6700000, 0x00000000c6700000| Untracked 
| 104|0x00000000c6800000, 0x00000000c6900000, 0x00000000c6900000|100%| O|  |TAMS 0x00000000c6800000, 0x00000000c6800000| Untracked 
| 105|0x00000000c6900000, 0x00000000c6a00000, 0x00000000c6a00000|100%| O|  |TAMS 0x00000000c6900000, 0x00000000c6900000| Untracked 
| 106|0x00000000c6a00000, 0x00000000c6b00000, 0x00000000c6b00000|100%| O|  |TAMS 0x00000000c6a00000, 0x00000000c6a00000| Untracked 
| 107|0x00000000c6b00000, 0x00000000c6c00000, 0x00000000c6c00000|100%| O|  |TAMS 0x00000000c6b00000, 0x00000000c6b00000| Untracked 
| 108|0x00000000c6c00000, 0x00000000c6d00000, 0x00000000c6d00000|100%| O|  |TAMS 0x00000000c6c00000, 0x00000000c6c00000| Untracked 
| 109|0x00000000c6d00000, 0x00000000c6e00000, 0x00000000c6e00000|100%| O|  |TAMS 0x00000000c6d00000, 0x00000000c6d00000| Untracked 
| 110|0x00000000c6e00000, 0x00000000c6f00000, 0x00000000c6f00000|100%| O|  |TAMS 0x00000000c6e00000, 0x00000000c6e00000| Untracked 
| 111|0x00000000c6f00000, 0x00000000c7000000, 0x00000000c7000000|100%| O|  |TAMS 0x00000000c6f00000, 0x00000000c6f00000| Untracked 
| 112|0x00000000c7000000, 0x00000000c7100000, 0x00000000c7100000|100%| O|  |TAMS 0x00000000c7000000, 0x00000000c7000000| Untracked 
| 113|0x00000000c7100000, 0x00000000c7200000, 0x00000000c7200000|100%| O|  |TAMS 0x00000000c7100000, 0x00000000c7100000| Untracked 
| 114|0x00000000c7200000, 0x00000000c7300000, 0x00000000c7300000|100%| O|  |TAMS 0x00000000c7200000, 0x00000000c7200000| Untracked 
| 115|0x00000000c7300000, 0x00000000c7400000, 0x00000000c7400000|100%| O|  |TAMS 0x00000000c7300000, 0x00000000c7300000| Untracked 
| 116|0x00000000c7400000, 0x00000000c7500000, 0x00000000c7500000|100%| O|  |TAMS 0x00000000c7400000, 0x00000000c7400000| Untracked 
| 117|0x00000000c7500000, 0x00000000c7600000, 0x00000000c7600000|100%| O|  |TAMS 0x00000000c7500000, 0x00000000c7500000| Untracked 
| 118|0x00000000c7600000, 0x00000000c7700000, 0x00000000c7700000|100%| O|  |TAMS 0x00000000c7600000, 0x00000000c7600000| Untracked 
| 119|0x00000000c7700000, 0x00000000c7800000, 0x00000000c7800000|100%| O|  |TAMS 0x00000000c7700000, 0x00000000c7700000| Untracked 
| 120|0x00000000c7800000, 0x00000000c7900000, 0x00000000c7900000|100%| O|  |TAMS 0x00000000c7800000, 0x00000000c7800000| Untracked 
| 121|0x00000000c7900000, 0x00000000c7a00000, 0x00000000c7a00000|100%| O|  |TAMS 0x00000000c7900000, 0x00000000c7900000| Untracked 
| 122|0x00000000c7a00000, 0x00000000c7a00000, 0x00000000c7b00000|  0%| F|  |TAMS 0x00000000c7a00000, 0x00000000c7a00000| Untracked 
| 123|0x00000000c7b00000, 0x00000000c7b00000, 0x00000000c7c00000|  0%| F|  |TAMS 0x00000000c7b00000, 0x00000000c7b00000| Untracked 
| 124|0x00000000c7c00000, 0x00000000c7c00000, 0x00000000c7d00000|  0%| F|  |TAMS 0x00000000c7c00000, 0x00000000c7c00000| Untracked 
| 125|0x00000000c7d00000, 0x00000000c7d00000, 0x00000000c7e00000|  0%| F|  |TAMS 0x00000000c7d00000, 0x00000000c7d00000| Untracked 
| 126|0x00000000c7e00000, 0x00000000c7e00000, 0x00000000c7f00000|  0%| F|  |TAMS 0x00000000c7e00000, 0x00000000c7e00000| Untracked 
| 127|0x00000000c7f00000, 0x00000000c7f00000, 0x00000000c8000000|  0%| F|  |TAMS 0x00000000c7f00000, 0x00000000c7f00000| Untracked 
| 128|0x00000000c8000000, 0x00000000c8000000, 0x00000000c8100000|  0%| F|  |TAMS 0x00000000c8000000, 0x00000000c8000000| Untracked 
| 129|0x00000000c8100000, 0x00000000c8100000, 0x00000000c8200000|  0%| F|  |TAMS 0x00000000c8100000, 0x00000000c8100000| Untracked 
| 130|0x00000000c8200000, 0x00000000c8200000, 0x00000000c8300000|  0%| F|  |TAMS 0x00000000c8200000, 0x00000000c8200000| Untracked 
| 131|0x00000000c8300000, 0x00000000c8300000, 0x00000000c8400000|  0%| F|  |TAMS 0x00000000c8300000, 0x00000000c8300000| Untracked 
| 132|0x00000000c8400000, 0x00000000c8400000, 0x00000000c8500000|  0%| F|  |TAMS 0x00000000c8400000, 0x00000000c8400000| Untracked 
| 133|0x00000000c8500000, 0x00000000c8500000, 0x00000000c8600000|  0%| F|  |TAMS 0x00000000c8500000, 0x00000000c8500000| Untracked 
| 134|0x00000000c8600000, 0x00000000c8600000, 0x00000000c8700000|  0%| F|  |TAMS 0x00000000c8600000, 0x00000000c8600000| Untracked 
| 135|0x00000000c8700000, 0x00000000c8700000, 0x00000000c8800000|  0%| F|  |TAMS 0x00000000c8700000, 0x00000000c8700000| Untracked 
| 136|0x00000000c8800000, 0x00000000c8800000, 0x00000000c8900000|  0%| F|  |TAMS 0x00000000c8800000, 0x00000000c8800000| Untracked 
| 137|0x00000000c8900000, 0x00000000c8900000, 0x00000000c8a00000|  0%| F|  |TAMS 0x00000000c8900000, 0x00000000c8900000| Untracked 
| 138|0x00000000c8a00000, 0x00000000c8a00000, 0x00000000c8b00000|  0%| F|  |TAMS 0x00000000c8a00000, 0x00000000c8a00000| Untracked 
| 139|0x00000000c8b00000, 0x00000000c8b00000, 0x00000000c8c00000|  0%| F|  |TAMS 0x00000000c8b00000, 0x00000000c8b00000| Untracked 
| 140|0x00000000c8c00000, 0x00000000c8c00000, 0x00000000c8d00000|  0%| F|  |TAMS 0x00000000c8c00000, 0x00000000c8c00000| Untracked 
| 141|0x00000000c8d00000, 0x00000000c8d00000, 0x00000000c8e00000|  0%| F|  |TAMS 0x00000000c8d00000, 0x00000000c8d00000| Untracked 
| 142|0x00000000c8e00000, 0x00000000c8e00000, 0x00000000c8f00000|  0%| F|  |TAMS 0x00000000c8e00000, 0x00000000c8e00000| Untracked 
| 143|0x00000000c8f00000, 0x00000000c8f00000, 0x00000000c9000000|  0%| F|  |TAMS 0x00000000c8f00000, 0x00000000c8f00000| Untracked 
| 144|0x00000000c9000000, 0x00000000c9000000, 0x00000000c9100000|  0%| F|  |TAMS 0x00000000c9000000, 0x00000000c9000000| Untracked 
| 145|0x00000000c9100000, 0x00000000c9100000, 0x00000000c9200000|  0%| F|  |TAMS 0x00000000c9100000, 0x00000000c9100000| Untracked 
| 146|0x00000000c9200000, 0x00000000c9200000, 0x00000000c9300000|  0%| F|  |TAMS 0x00000000c9200000, 0x00000000c9200000| Untracked 
| 147|0x00000000c9300000, 0x00000000c9300000, 0x00000000c9400000|  0%| F|  |TAMS 0x00000000c9300000, 0x00000000c9300000| Untracked 
| 148|0x00000000c9400000, 0x00000000c9400000, 0x00000000c9500000|  0%| F|  |TAMS 0x00000000c9400000, 0x00000000c9400000| Untracked 
| 149|0x00000000c9500000, 0x00000000c9500000, 0x00000000c9600000|  0%| F|  |TAMS 0x00000000c9500000, 0x00000000c9500000| Untracked 
| 150|0x00000000c9600000, 0x00000000c9600000, 0x00000000c9700000|  0%| F|  |TAMS 0x00000000c9600000, 0x00000000c9600000| Untracked 
| 151|0x00000000c9700000, 0x00000000c9700000, 0x00000000c9800000|  0%| F|  |TAMS 0x00000000c9700000, 0x00000000c9700000| Untracked 
| 152|0x00000000c9800000, 0x00000000c9800000, 0x00000000c9900000|  0%| F|  |TAMS 0x00000000c9800000, 0x00000000c9800000| Untracked 
| 153|0x00000000c9900000, 0x00000000c9900000, 0x00000000c9a00000|  0%| F|  |TAMS 0x00000000c9900000, 0x00000000c9900000| Untracked 
| 154|0x00000000c9a00000, 0x00000000c9a00000, 0x00000000c9b00000|  0%| F|  |TAMS 0x00000000c9a00000, 0x00000000c9a00000| Untracked 
| 155|0x00000000c9b00000, 0x00000000c9b00000, 0x00000000c9c00000|  0%| F|  |TAMS 0x00000000c9b00000, 0x00000000c9b00000| Untracked 
| 156|0x00000000c9c00000, 0x00000000c9c00000, 0x00000000c9d00000|  0%| F|  |TAMS 0x00000000c9c00000, 0x00000000c9c00000| Untracked 
| 157|0x00000000c9d00000, 0x00000000c9d00000, 0x00000000c9e00000|  0%| F|  |TAMS 0x00000000c9d00000, 0x00000000c9d00000| Untracked 
| 158|0x00000000c9e00000, 0x00000000c9e00000, 0x00000000c9f00000|  0%| F|  |TAMS 0x00000000c9e00000, 0x00000000c9e00000| Untracked 
| 159|0x00000000c9f00000, 0x00000000c9f00000, 0x00000000ca000000|  0%| F|  |TAMS 0x00000000c9f00000, 0x00000000c9f00000| Untracked 
| 160|0x00000000ca000000, 0x00000000ca000000, 0x00000000ca100000|  0%| F|  |TAMS 0x00000000ca000000, 0x00000000ca000000| Untracked 
| 161|0x00000000ca100000, 0x00000000ca100000, 0x00000000ca200000|  0%| F|  |TAMS 0x00000000ca100000, 0x00000000ca100000| Untracked 
| 162|0x00000000ca200000, 0x00000000ca200000, 0x00000000ca300000|  0%| F|  |TAMS 0x00000000ca200000, 0x00000000ca200000| Untracked 
| 163|0x00000000ca300000, 0x00000000ca300000, 0x00000000ca400000|  0%| F|  |TAMS 0x00000000ca300000, 0x00000000ca300000| Untracked 
| 164|0x00000000ca400000, 0x00000000ca400000, 0x00000000ca500000|  0%| F|  |TAMS 0x00000000ca400000, 0x00000000ca400000| Untracked 
| 165|0x00000000ca500000, 0x00000000ca500000, 0x00000000ca600000|  0%| F|  |TAMS 0x00000000ca500000, 0x00000000ca500000| Untracked 
| 166|0x00000000ca600000, 0x00000000ca600000, 0x00000000ca700000|  0%| F|  |TAMS 0x00000000ca600000, 0x00000000ca600000| Untracked 
| 167|0x00000000ca700000, 0x00000000ca700000, 0x00000000ca800000|  0%| F|  |TAMS 0x00000000ca700000, 0x00000000ca700000| Untracked 
| 168|0x00000000ca800000, 0x00000000ca800000, 0x00000000ca900000|  0%| F|  |TAMS 0x00000000ca800000, 0x00000000ca800000| Untracked 
| 169|0x00000000ca900000, 0x00000000ca900000, 0x00000000caa00000|  0%| F|  |TAMS 0x00000000ca900000, 0x00000000ca900000| Untracked 
| 170|0x00000000caa00000, 0x00000000caa00000, 0x00000000cab00000|  0%| F|  |TAMS 0x00000000caa00000, 0x00000000caa00000| Untracked 
| 171|0x00000000cab00000, 0x00000000cab00000, 0x00000000cac00000|  0%| F|  |TAMS 0x00000000cab00000, 0x00000000cab00000| Untracked 
| 172|0x00000000cac00000, 0x00000000cad00000, 0x00000000cad00000|100%| S|CS|TAMS 0x00000000cac00000, 0x00000000cac00000| Complete 
| 173|0x00000000cad00000, 0x00000000cae00000, 0x00000000cae00000|100%| S|CS|TAMS 0x00000000cad00000, 0x00000000cad00000| Complete 
| 174|0x00000000cae00000, 0x00000000caf00000, 0x00000000caf00000|100%| S|CS|TAMS 0x00000000cae00000, 0x00000000cae00000| Complete 
| 175|0x00000000caf00000, 0x00000000cb000000, 0x00000000cb000000|100%| S|CS|TAMS 0x00000000caf00000, 0x00000000caf00000| Complete 
| 176|0x00000000cb000000, 0x00000000cb100000, 0x00000000cb100000|100%| S|CS|TAMS 0x00000000cb000000, 0x00000000cb000000| Complete 
| 177|0x00000000cb100000, 0x00000000cb200000, 0x00000000cb200000|100%| S|CS|TAMS 0x00000000cb100000, 0x00000000cb100000| Complete 
| 178|0x00000000cb200000, 0x00000000cb300000, 0x00000000cb300000|100%| S|CS|TAMS 0x00000000cb200000, 0x00000000cb200000| Complete 
| 179|0x00000000cb300000, 0x00000000cb400000, 0x00000000cb400000|100%| S|CS|TAMS 0x00000000cb300000, 0x00000000cb300000| Complete 
| 180|0x00000000cb400000, 0x00000000cb500000, 0x00000000cb500000|100%| S|CS|TAMS 0x00000000cb400000, 0x00000000cb400000| Complete 
| 181|0x00000000cb500000, 0x00000000cb600000, 0x00000000cb600000|100%| S|CS|TAMS 0x00000000cb500000, 0x00000000cb500000| Complete 
| 182|0x00000000cb600000, 0x00000000cb700000, 0x00000000cb700000|100%| S|CS|TAMS 0x00000000cb600000, 0x00000000cb600000| Complete 
| 183|0x00000000cb700000, 0x00000000cb700000, 0x00000000cb800000|  0%| F|  |TAMS 0x00000000cb700000, 0x00000000cb700000| Untracked 
| 184|0x00000000cb800000, 0x00000000cb800000, 0x00000000cb900000|  0%| F|  |TAMS 0x00000000cb800000, 0x00000000cb800000| Untracked 
| 185|0x00000000cb900000, 0x00000000cb900000, 0x00000000cba00000|  0%| F|  |TAMS 0x00000000cb900000, 0x00000000cb900000| Untracked 
| 186|0x00000000cba00000, 0x00000000cba00000, 0x00000000cbb00000|  0%| F|  |TAMS 0x00000000cba00000, 0x00000000cba00000| Untracked 
| 187|0x00000000cbb00000, 0x00000000cbb00000, 0x00000000cbc00000|  0%| F|  |TAMS 0x00000000cbb00000, 0x00000000cbb00000| Untracked 
| 188|0x00000000cbc00000, 0x00000000cbc00000, 0x00000000cbd00000|  0%| F|  |TAMS 0x00000000cbc00000, 0x00000000cbc00000| Untracked 
| 189|0x00000000cbd00000, 0x00000000cbd00000, 0x00000000cbe00000|  0%| F|  |TAMS 0x00000000cbd00000, 0x00000000cbd00000| Untracked 
| 190|0x00000000cbe00000, 0x00000000cbe00000, 0x00000000cbf00000|  0%| F|  |TAMS 0x00000000cbe00000, 0x00000000cbe00000| Untracked 
| 191|0x00000000cbf00000, 0x00000000cbf00000, 0x00000000cc000000|  0%| F|  |TAMS 0x00000000cbf00000, 0x00000000cbf00000| Untracked 
| 192|0x00000000cc000000, 0x00000000cc000000, 0x00000000cc100000|  0%| F|  |TAMS 0x00000000cc000000, 0x00000000cc000000| Untracked 
| 193|0x00000000cc100000, 0x00000000cc200000, 0x00000000cc200000|100%| S|CS|TAMS 0x00000000cc100000, 0x00000000cc100000| Complete 
| 194|0x00000000cc200000, 0x00000000cc300000, 0x00000000cc300000|100%| S|CS|TAMS 0x00000000cc200000, 0x00000000cc200000| Complete 
| 195|0x00000000cc300000, 0x00000000cc300000, 0x00000000cc400000|  0%| F|  |TAMS 0x00000000cc300000, 0x00000000cc300000| Untracked 
| 196|0x00000000cc400000, 0x00000000cc400000, 0x00000000cc500000|  0%| F|  |TAMS 0x00000000cc400000, 0x00000000cc400000| Untracked 
| 197|0x00000000cc500000, 0x00000000cc500000, 0x00000000cc600000|  0%| F|  |TAMS 0x00000000cc500000, 0x00000000cc500000| Untracked 
| 198|0x00000000cc600000, 0x00000000cc600000, 0x00000000cc700000|  0%| F|  |TAMS 0x00000000cc600000, 0x00000000cc600000| Untracked 
| 199|0x00000000cc700000, 0x00000000cc700000, 0x00000000cc800000|  0%| F|  |TAMS 0x00000000cc700000, 0x00000000cc700000| Untracked 
| 200|0x00000000cc800000, 0x00000000cc800000, 0x00000000cc900000|  0%| F|  |TAMS 0x00000000cc800000, 0x00000000cc800000| Untracked 
| 201|0x00000000cc900000, 0x00000000cc900000, 0x00000000cca00000|  0%| F|  |TAMS 0x00000000cc900000, 0x00000000cc900000| Untracked 
| 202|0x00000000cca00000, 0x00000000cca00000, 0x00000000ccb00000|  0%| F|  |TAMS 0x00000000cca00000, 0x00000000cca00000| Untracked 
| 203|0x00000000ccb00000, 0x00000000ccb00000, 0x00000000ccc00000|  0%| F|  |TAMS 0x00000000ccb00000, 0x00000000ccb00000| Untracked 
| 204|0x00000000ccc00000, 0x00000000ccc00000, 0x00000000ccd00000|  0%| F|  |TAMS 0x00000000ccc00000, 0x00000000ccc00000| Untracked 
| 205|0x00000000ccd00000, 0x00000000ccd00000, 0x00000000cce00000|  0%| F|  |TAMS 0x00000000ccd00000, 0x00000000ccd00000| Untracked 
| 206|0x00000000cce00000, 0x00000000cce00000, 0x00000000ccf00000|  0%| F|  |TAMS 0x00000000cce00000, 0x00000000cce00000| Untracked 
| 207|0x00000000ccf00000, 0x00000000ccf00000, 0x00000000cd000000|  0%| F|  |TAMS 0x00000000ccf00000, 0x00000000ccf00000| Untracked 
| 208|0x00000000cd000000, 0x00000000cd000000, 0x00000000cd100000|  0%| F|  |TAMS 0x00000000cd000000, 0x00000000cd000000| Untracked 
| 209|0x00000000cd100000, 0x00000000cd100000, 0x00000000cd200000|  0%| F|  |TAMS 0x00000000cd100000, 0x00000000cd100000| Untracked 
| 210|0x00000000cd200000, 0x00000000cd200000, 0x00000000cd300000|  0%| F|  |TAMS 0x00000000cd200000, 0x00000000cd200000| Untracked 
| 211|0x00000000cd300000, 0x00000000cd300000, 0x00000000cd400000|  0%| F|  |TAMS 0x00000000cd300000, 0x00000000cd300000| Untracked 
| 212|0x00000000cd400000, 0x00000000cd400000, 0x00000000cd500000|  0%| F|  |TAMS 0x00000000cd400000, 0x00000000cd400000| Untracked 
| 213|0x00000000cd500000, 0x00000000cd500000, 0x00000000cd600000|  0%| F|  |TAMS 0x00000000cd500000, 0x00000000cd500000| Untracked 
| 214|0x00000000cd600000, 0x00000000cd600000, 0x00000000cd700000|  0%| F|  |TAMS 0x00000000cd600000, 0x00000000cd600000| Untracked 
| 215|0x00000000cd700000, 0x00000000cd700000, 0x00000000cd800000|  0%| F|  |TAMS 0x00000000cd700000, 0x00000000cd700000| Untracked 
| 216|0x00000000cd800000, 0x00000000cd800000, 0x00000000cd900000|  0%| F|  |TAMS 0x00000000cd800000, 0x00000000cd800000| Untracked 
| 217|0x00000000cd900000, 0x00000000cd900000, 0x00000000cda00000|  0%| F|  |TAMS 0x00000000cd900000, 0x00000000cd900000| Untracked 
| 218|0x00000000cda00000, 0x00000000cda00000, 0x00000000cdb00000|  0%| F|  |TAMS 0x00000000cda00000, 0x00000000cda00000| Untracked 
| 219|0x00000000cdb00000, 0x00000000cdb00000, 0x00000000cdc00000|  0%| F|  |TAMS 0x00000000cdb00000, 0x00000000cdb00000| Untracked 
| 220|0x00000000cdc00000, 0x00000000cdc00000, 0x00000000cdd00000|  0%| F|  |TAMS 0x00000000cdc00000, 0x00000000cdc00000| Untracked 
| 221|0x00000000cdd00000, 0x00000000cdd00000, 0x00000000cde00000|  0%| F|  |TAMS 0x00000000cdd00000, 0x00000000cdd00000| Untracked 
| 222|0x00000000cde00000, 0x00000000cde00000, 0x00000000cdf00000|  0%| F|  |TAMS 0x00000000cde00000, 0x00000000cde00000| Untracked 
| 223|0x00000000cdf00000, 0x00000000cdf00000, 0x00000000ce000000|  0%| F|  |TAMS 0x00000000cdf00000, 0x00000000cdf00000| Untracked 
| 224|0x00000000ce000000, 0x00000000ce000000, 0x00000000ce100000|  0%| F|  |TAMS 0x00000000ce000000, 0x00000000ce000000| Untracked 
| 225|0x00000000ce100000, 0x00000000ce100000, 0x00000000ce200000|  0%| F|  |TAMS 0x00000000ce100000, 0x00000000ce100000| Untracked 
| 226|0x00000000ce200000, 0x00000000ce200000, 0x00000000ce300000|  0%| F|  |TAMS 0x00000000ce200000, 0x00000000ce200000| Untracked 
| 227|0x00000000ce300000, 0x00000000ce300000, 0x00000000ce400000|  0%| F|  |TAMS 0x00000000ce300000, 0x00000000ce300000| Untracked 
| 228|0x00000000ce400000, 0x00000000ce400000, 0x00000000ce500000|  0%| F|  |TAMS 0x00000000ce400000, 0x00000000ce400000| Untracked 
| 229|0x00000000ce500000, 0x00000000ce500000, 0x00000000ce600000|  0%| F|  |TAMS 0x00000000ce500000, 0x00000000ce500000| Untracked 
| 230|0x00000000ce600000, 0x00000000ce600000, 0x00000000ce700000|  0%| F|  |TAMS 0x00000000ce600000, 0x00000000ce600000| Untracked 
| 231|0x00000000ce700000, 0x00000000ce700000, 0x00000000ce800000|  0%| F|  |TAMS 0x00000000ce700000, 0x00000000ce700000| Untracked 
| 232|0x00000000ce800000, 0x00000000ce800000, 0x00000000ce900000|  0%| F|  |TAMS 0x00000000ce800000, 0x00000000ce800000| Untracked 
| 233|0x00000000ce900000, 0x00000000ce900000, 0x00000000cea00000|  0%| F|  |TAMS 0x00000000ce900000, 0x00000000ce900000| Untracked 
| 234|0x00000000cea00000, 0x00000000cea00000, 0x00000000ceb00000|  0%| F|  |TAMS 0x00000000cea00000, 0x00000000cea00000| Untracked 
| 235|0x00000000ceb00000, 0x00000000ceb00000, 0x00000000cec00000|  0%| F|  |TAMS 0x00000000ceb00000, 0x00000000ceb00000| Untracked 
| 236|0x00000000cec00000, 0x00000000cec00000, 0x00000000ced00000|  0%| F|  |TAMS 0x00000000cec00000, 0x00000000cec00000| Untracked 
| 237|0x00000000ced00000, 0x00000000ced00000, 0x00000000cee00000|  0%| F|  |TAMS 0x00000000ced00000, 0x00000000ced00000| Untracked 
| 238|0x00000000cee00000, 0x00000000cee00000, 0x00000000cef00000|  0%| F|  |TAMS 0x00000000cee00000, 0x00000000cee00000| Untracked 
| 239|0x00000000cef00000, 0x00000000cef00000, 0x00000000cf000000|  0%| F|  |TAMS 0x00000000cef00000, 0x00000000cef00000| Untracked 
| 240|0x00000000cf000000, 0x00000000cf000000, 0x00000000cf100000|  0%| F|  |TAMS 0x00000000cf000000, 0x00000000cf000000| Untracked 
| 241|0x00000000cf100000, 0x00000000cf100000, 0x00000000cf200000|  0%| F|  |TAMS 0x00000000cf100000, 0x00000000cf100000| Untracked 
| 242|0x00000000cf200000, 0x00000000cf200000, 0x00000000cf300000|  0%| F|  |TAMS 0x00000000cf200000, 0x00000000cf200000| Untracked 
| 243|0x00000000cf300000, 0x00000000cf300000, 0x00000000cf400000|  0%| F|  |TAMS 0x00000000cf300000, 0x00000000cf300000| Untracked 
| 244|0x00000000cf400000, 0x00000000cf400000, 0x00000000cf500000|  0%| F|  |TAMS 0x00000000cf400000, 0x00000000cf400000| Untracked 
| 245|0x00000000cf500000, 0x00000000cf500000, 0x00000000cf600000|  0%| F|  |TAMS 0x00000000cf500000, 0x00000000cf500000| Untracked 
| 246|0x00000000cf600000, 0x00000000cf600000, 0x00000000cf700000|  0%| F|  |TAMS 0x00000000cf600000, 0x00000000cf600000| Untracked 
| 247|0x00000000cf700000, 0x00000000cf700000, 0x00000000cf800000|  0%| F|  |TAMS 0x00000000cf700000, 0x00000000cf700000| Untracked 
| 248|0x00000000cf800000, 0x00000000cf800000, 0x00000000cf900000|  0%| F|  |TAMS 0x00000000cf800000, 0x00000000cf800000| Untracked 
| 249|0x00000000cf900000, 0x00000000cf900000, 0x00000000cfa00000|  0%| F|  |TAMS 0x00000000cf900000, 0x00000000cf900000| Untracked 
| 250|0x00000000cfa00000, 0x00000000cfa00000, 0x00000000cfb00000|  0%| F|  |TAMS 0x00000000cfa00000, 0x00000000cfa00000| Untracked 
| 251|0x00000000cfb00000, 0x00000000cfb00000, 0x00000000cfc00000|  0%| F|  |TAMS 0x00000000cfb00000, 0x00000000cfb00000| Untracked 
| 252|0x00000000cfc00000, 0x00000000cfc00000, 0x00000000cfd00000|  0%| F|  |TAMS 0x00000000cfc00000, 0x00000000cfc00000| Untracked 
| 253|0x00000000cfd00000, 0x00000000cfd00000, 0x00000000cfe00000|  0%| F|  |TAMS 0x00000000cfd00000, 0x00000000cfd00000| Untracked 
| 254|0x00000000cfe00000, 0x00000000cfe00000, 0x00000000cff00000|  0%| F|  |TAMS 0x00000000cfe00000, 0x00000000cfe00000| Untracked 
| 255|0x00000000cff00000, 0x00000000cff00000, 0x00000000d0000000|  0%| F|  |TAMS 0x00000000cff00000, 0x00000000cff00000| Untracked 
| 256|0x00000000d0000000, 0x00000000d0000000, 0x00000000d0100000|  0%| F|  |TAMS 0x00000000d0000000, 0x00000000d0000000| Untracked 
| 257|0x00000000d0100000, 0x00000000d0100000, 0x00000000d0200000|  0%| F|  |TAMS 0x00000000d0100000, 0x00000000d0100000| Untracked 
| 258|0x00000000d0200000, 0x00000000d0200000, 0x00000000d0300000|  0%| F|  |TAMS 0x00000000d0200000, 0x00000000d0200000| Untracked 
| 259|0x00000000d0300000, 0x00000000d0300000, 0x00000000d0400000|  0%| F|  |TAMS 0x00000000d0300000, 0x00000000d0300000| Untracked 
| 260|0x00000000d0400000, 0x00000000d0400000, 0x00000000d0500000|  0%| F|  |TAMS 0x00000000d0400000, 0x00000000d0400000| Untracked 
| 261|0x00000000d0500000, 0x00000000d0500000, 0x00000000d0600000|  0%| F|  |TAMS 0x00000000d0500000, 0x00000000d0500000| Untracked 
| 262|0x00000000d0600000, 0x00000000d0600000, 0x00000000d0700000|  0%| F|  |TAMS 0x00000000d0600000, 0x00000000d0600000| Untracked 
| 263|0x00000000d0700000, 0x00000000d0700000, 0x00000000d0800000|  0%| F|  |TAMS 0x00000000d0700000, 0x00000000d0700000| Untracked 
| 264|0x00000000d0800000, 0x00000000d0800000, 0x00000000d0900000|  0%| F|  |TAMS 0x00000000d0800000, 0x00000000d0800000| Untracked 
| 265|0x00000000d0900000, 0x00000000d0900000, 0x00000000d0a00000|  0%| F|  |TAMS 0x00000000d0900000, 0x00000000d0900000| Untracked 
| 266|0x00000000d0a00000, 0x00000000d0a00000, 0x00000000d0b00000|  0%| F|  |TAMS 0x00000000d0a00000, 0x00000000d0a00000| Untracked 
| 267|0x00000000d0b00000, 0x00000000d0b00000, 0x00000000d0c00000|  0%| F|  |TAMS 0x00000000d0b00000, 0x00000000d0b00000| Untracked 
| 268|0x00000000d0c00000, 0x00000000d0c00000, 0x00000000d0d00000|  0%| F|  |TAMS 0x00000000d0c00000, 0x00000000d0c00000| Untracked 
| 269|0x00000000d0d00000, 0x00000000d0d00000, 0x00000000d0e00000|  0%| F|  |TAMS 0x00000000d0d00000, 0x00000000d0d00000| Untracked 
| 270|0x00000000d0e00000, 0x00000000d0e00000, 0x00000000d0f00000|  0%| F|  |TAMS 0x00000000d0e00000, 0x00000000d0e00000| Untracked 
| 271|0x00000000d0f00000, 0x00000000d0f00000, 0x00000000d1000000|  0%| F|  |TAMS 0x00000000d0f00000, 0x00000000d0f00000| Untracked 
| 272|0x00000000d1000000, 0x00000000d1000000, 0x00000000d1100000|  0%| F|  |TAMS 0x00000000d1000000, 0x00000000d1000000| Untracked 
| 273|0x00000000d1100000, 0x00000000d1100000, 0x00000000d1200000|  0%| F|  |TAMS 0x00000000d1100000, 0x00000000d1100000| Untracked 
| 274|0x00000000d1200000, 0x00000000d1200000, 0x00000000d1300000|  0%| F|  |TAMS 0x00000000d1200000, 0x00000000d1200000| Untracked 
| 275|0x00000000d1300000, 0x00000000d1300000, 0x00000000d1400000|  0%| F|  |TAMS 0x00000000d1300000, 0x00000000d1300000| Untracked 
| 276|0x00000000d1400000, 0x00000000d1400000, 0x00000000d1500000|  0%| F|  |TAMS 0x00000000d1400000, 0x00000000d1400000| Untracked 
| 277|0x00000000d1500000, 0x00000000d1500000, 0x00000000d1600000|  0%| F|  |TAMS 0x00000000d1500000, 0x00000000d1500000| Untracked 
| 278|0x00000000d1600000, 0x00000000d1600000, 0x00000000d1700000|  0%| F|  |TAMS 0x00000000d1600000, 0x00000000d1600000| Untracked 
| 279|0x00000000d1700000, 0x00000000d1700000, 0x00000000d1800000|  0%| F|  |TAMS 0x00000000d1700000, 0x00000000d1700000| Untracked 
| 280|0x00000000d1800000, 0x00000000d1800000, 0x00000000d1900000|  0%| F|  |TAMS 0x00000000d1800000, 0x00000000d1800000| Untracked 
| 281|0x00000000d1900000, 0x00000000d1900000, 0x00000000d1a00000|  0%| F|  |TAMS 0x00000000d1900000, 0x00000000d1900000| Untracked 
| 282|0x00000000d1a00000, 0x00000000d1a00000, 0x00000000d1b00000|  0%| F|  |TAMS 0x00000000d1a00000, 0x00000000d1a00000| Untracked 
| 283|0x00000000d1b00000, 0x00000000d1b00000, 0x00000000d1c00000|  0%| F|  |TAMS 0x00000000d1b00000, 0x00000000d1b00000| Untracked 
| 284|0x00000000d1c00000, 0x00000000d1c00000, 0x00000000d1d00000|  0%| F|  |TAMS 0x00000000d1c00000, 0x00000000d1c00000| Untracked 
| 285|0x00000000d1d00000, 0x00000000d1d00000, 0x00000000d1e00000|  0%| F|  |TAMS 0x00000000d1d00000, 0x00000000d1d00000| Untracked 
| 286|0x00000000d1e00000, 0x00000000d1e00000, 0x00000000d1f00000|  0%| F|  |TAMS 0x00000000d1e00000, 0x00000000d1e00000| Untracked 
| 287|0x00000000d1f00000, 0x00000000d1f00000, 0x00000000d2000000|  0%| F|  |TAMS 0x00000000d1f00000, 0x00000000d1f00000| Untracked 
| 288|0x00000000d2000000, 0x00000000d2000000, 0x00000000d2100000|  0%| F|  |TAMS 0x00000000d2000000, 0x00000000d2000000| Untracked 
| 289|0x00000000d2100000, 0x00000000d2100000, 0x00000000d2200000|  0%| F|  |TAMS 0x00000000d2100000, 0x00000000d2100000| Untracked 
| 290|0x00000000d2200000, 0x00000000d2200000, 0x00000000d2300000|  0%| F|  |TAMS 0x00000000d2200000, 0x00000000d2200000| Untracked 
| 291|0x00000000d2300000, 0x00000000d2300000, 0x00000000d2400000|  0%| F|  |TAMS 0x00000000d2300000, 0x00000000d2300000| Untracked 
| 292|0x00000000d2400000, 0x00000000d2400000, 0x00000000d2500000|  0%| F|  |TAMS 0x00000000d2400000, 0x00000000d2400000| Untracked 
| 293|0x00000000d2500000, 0x00000000d2500000, 0x00000000d2600000|  0%| F|  |TAMS 0x00000000d2500000, 0x00000000d2500000| Untracked 
| 294|0x00000000d2600000, 0x00000000d2600000, 0x00000000d2700000|  0%| F|  |TAMS 0x00000000d2600000, 0x00000000d2600000| Untracked 
| 295|0x00000000d2700000, 0x00000000d2700000, 0x00000000d2800000|  0%| F|  |TAMS 0x00000000d2700000, 0x00000000d2700000| Untracked 
| 296|0x00000000d2800000, 0x00000000d2800000, 0x00000000d2900000|  0%| F|  |TAMS 0x00000000d2800000, 0x00000000d2800000| Untracked 
| 297|0x00000000d2900000, 0x00000000d2900000, 0x00000000d2a00000|  0%| F|  |TAMS 0x00000000d2900000, 0x00000000d2900000| Untracked 
| 298|0x00000000d2a00000, 0x00000000d2a00000, 0x00000000d2b00000|  0%| F|  |TAMS 0x00000000d2a00000, 0x00000000d2a00000| Untracked 
| 299|0x00000000d2b00000, 0x00000000d2b00000, 0x00000000d2c00000|  0%| F|  |TAMS 0x00000000d2b00000, 0x00000000d2b00000| Untracked 
| 300|0x00000000d2c00000, 0x00000000d2c00000, 0x00000000d2d00000|  0%| F|  |TAMS 0x00000000d2c00000, 0x00000000d2c00000| Untracked 
| 301|0x00000000d2d00000, 0x00000000d2d00000, 0x00000000d2e00000|  0%| F|  |TAMS 0x00000000d2d00000, 0x00000000d2d00000| Untracked 
| 302|0x00000000d2e00000, 0x00000000d2e00000, 0x00000000d2f00000|  0%| F|  |TAMS 0x00000000d2e00000, 0x00000000d2e00000| Untracked 
| 303|0x00000000d2f00000, 0x00000000d2f00000, 0x00000000d3000000|  0%| F|  |TAMS 0x00000000d2f00000, 0x00000000d2f00000| Untracked 
| 304|0x00000000d3000000, 0x00000000d3000000, 0x00000000d3100000|  0%| F|  |TAMS 0x00000000d3000000, 0x00000000d3000000| Untracked 
|1022|0x00000000ffe00000, 0x00000000ffe49000, 0x00000000fff00000| 28%|OA|  |TAMS 0x00000000ffe49000, 0x00000000ffe00000| Untracked 
|1023|0x00000000fff00000, 0x00000000fff72000, 0x0000000100000000| 44%|CA|  |TAMS 0x00000000fff72000, 0x00000000fff00000| Untracked 

Card table byte_map: [0x00007f4187831000,0x00007f4187a31000] _byte_map_base: 0x00007f4187231000

Marking Bits (Prev, Next): (CMBitMap*) 0x00007f41a0051888, (CMBitMap*) 0x00007f41a0051848
 Prev Bits: [0x00007f4185631000, 0x00007f4186631000)
 Next Bits: [0x00007f4186631000, 0x00007f4187631000)

Polling page: 0x00007f41a70b7000

Metaspace:

Usage:
  Non-class:     36.11 MB capacity,    34.82 MB ( 96%) used,     1.21 MB (  3%) free+waste,    76.94 KB ( <1%) overhead. 
      Class:      4.81 MB capacity,     3.99 MB ( 83%) used,   799.77 KB ( 16%) free+waste,    37.69 KB ( <1%) overhead. 
       Both:     40.91 MB capacity,    38.81 MB ( 95%) used,     1.99 MB (  5%) free+waste,   114.62 KB ( <1%) overhead. 

Virtual space:
  Non-class space:       38.00 MB reserved,      36.25 MB ( 95%) committed 
      Class space:        1.00 GB reserved,       4.88 MB ( <1%) committed 
             Both:        1.04 GB reserved,      41.12 MB (  4%) committed 

Chunk freelists:
   Non-Class:  2.88 KB
       Class:  2.62 KB
        Both:  5.50 KB

CodeHeap 'non-profiled nmethods': size=120032Kb used=1895Kb max_used=1895Kb free=118136Kb
 bounds [0x00007f418fbe8000, 0x00007f418fe58000, 0x00007f4197120000]
CodeHeap 'profiled nmethods': size=120032Kb used=9426Kb max_used=9426Kb free=110605Kb
 bounds [0x00007f41886b0000, 0x00007f4188ff0000, 0x00007f418fbe8000]
CodeHeap 'non-nmethods': size=5696Kb used=1250Kb max_used=1306Kb free=4445Kb
 bounds [0x00007f4188120000, 0x00007f4188390000, 0x00007f41886b0000]
 total_blobs=6205 nmethods=4315 adapters=542
 compilation: enabled
              stopped_count=0, restarted_count=0
 full_count=0

Compilation events (10 events):
Event: 10.448 Thread 0x00007f41a011c800 4852       2       org.eclipse.jdt.internal.compiler.classfmt.MethodInfo::decodeMethodParameters (126 bytes)
Event: 10.449 Thread 0x00007f41a011c800 nmethod 4852 0x00007f4188feca90 code [0x00007f4188feccc0, 0x00007f4188fed5e8]
Event: 10.477 Thread 0x00007f41a011a800 nmethod 4838% 0x00007f418fdb4810 code [0x00007f418fdb4e60, 0x00007f418fdbda50]
Event: 10.477 Thread 0x00007f41a011a800 4848       4       org.eclipse.core.runtime.Path::computeLength (98 bytes)
Event: 10.483 Thread 0x00007f41a011a800 nmethod 4848 0x00007f418fdc1990 code [0x00007f418fdc1b40, 0x00007f418fdc1d18]
Event: 10.483 Thread 0x00007f41a011a800 4853       4       org.eclipse.jdt.internal.core.search.indexing.BinaryIndexer::extractReferenceFromConstantPool (341 bytes)
Event: 10.554 Thread 0x00007f41a011c800 4855       1       org.eclipse.jdt.internal.compiler.env.EnumConstantSignature::getTypeName (5 bytes)
Event: 10.554 Thread 0x00007f41a011c800 nmethod 4855 0x00007f418fdc1f10 code [0x00007f418fdc20c0, 0x00007f418fdc21f0]
Event: 10.554 Thread 0x00007f41a011c800 4856       1       org.eclipse.jdt.internal.compiler.env.EnumConstantSignature::getEnumConstantName (5 bytes)
Event: 10.554 Thread 0x00007f41a011c800 nmethod 4856 0x00007f418fdc2290 code [0x00007f418fdc2440, 0x00007f418fdc2570]

GC Heap History (10 events):
Event: 8.384 GC heap after
{Heap after GC invocations=27 (full 0):
 garbage-first heap   total 180224K, used 77545K [0x00000000c0000000, 0x0000000100000000)
  region size 1024K, 8 young (8192K), 8 survivors (8192K)
 Metaspace       used 39733K, capacity 41896K, committed 42112K, reserved 1087488K
  class space    used 4084K, capacity 4923K, committed 4992K, reserved 1048576K
}
Event: 8.609 GC heap before
{Heap before GC invocations=27 (full 0):
 garbage-first heap   total 180224K, used 137961K [0x00000000c0000000, 0x0000000100000000)
  region size 1024K, 67 young (68608K), 8 survivors (8192K)
 Metaspace       used 39733K, capacity 41896K, committed 42112K, reserved 1087488K
  class space    used 4084K, capacity 4923K, committed 4992K, reserved 1048576K
}
Event: 8.634 GC heap after
{Heap after GC invocations=28 (full 0):
 garbage-first heap   total 314368K, used 85026K [0x00000000c0000000, 0x0000000100000000)
  region size 1024K, 7 young (7168K), 7 survivors (7168K)
 Metaspace       used 39733K, capacity 41896K, committed 42112K, reserved 1087488K
  class space    used 4084K, capacity 4923K, committed 4992K, reserved 1048576K
}
Event: 9.239 GC heap before
{Heap before GC invocations=28 (full 0):
 garbage-first heap   total 314368K, used 182306K [0x00000000c0000000, 0x0000000100000000)
  region size 1024K, 102 young (104448K), 7 survivors (7168K)
 Metaspace       used 39733K, capacity 41896K, committed 42112K, reserved 1087488K
  class space    used 4084K, capacity 4923K, committed 4992K, reserved 1048576K
}
Event: 9.276 GC heap after
{Heap after GC invocations=29 (full 0):
 garbage-first heap   total 314368K, used 95594K [0x00000000c0000000, 0x0000000100000000)
  region size 1024K, 13 young (13312K), 13 survivors (13312K)
 Metaspace       used 39733K, capacity 41896K, committed 42112K, reserved 1087488K
  class space    used 4084K, capacity 4923K, committed 4992K, reserved 1048576K
}
Event: 9.758 GC heap before
{Heap before GC invocations=29 (full 0):
 garbage-first heap   total 314368K, used 211306K [0x00000000c0000000, 0x0000000100000000)
  region size 1024K, 122 young (124928K), 13 survivors (13312K)
 Metaspace       used 39733K, capacity 41896K, committed 42112K, reserved 1087488K
  class space    used 4084K, capacity 4923K, committed 4992K, reserved 1048576K
}
Event: 9.821 GC heap after
{Heap after GC invocations=30 (full 0):
 garbage-first heap   total 314368K, used 113263K [0x00000000c0000000, 0x0000000100000000)
  region size 1024K, 13 young (13312K), 13 survivors (13312K)
 Metaspace       used 39733K, capacity 41896K, committed 42112K, reserved 1087488K
  class space    used 4084K, capacity 4923K, committed 4992K, reserved 1048576K
}
Event: 10.169 GC heap before
{Heap before GC invocations=30 (full 0):
 garbage-first heap   total 314368K, used 227951K [0x00000000c0000000, 0x0000000100000000)
  region size 1024K, 125 young (128000K), 13 survivors (13312K)
 Metaspace       used 39734K, capacity 41896K, committed 42112K, reserved 1087488K
  class space    used 4084K, capacity 4923K, committed 4992K, reserved 1048576K
}
Event: 10.221 GC heap after
{Heap after GC invocations=31 (full 0):
 garbage-first heap   total 314368K, used 125551K [0x00000000c0000000, 0x0000000100000000)
  region size 1024K, 13 young (13312K), 13 survivors (13312K)
 Metaspace       used 39734K, capacity 41896K, committed 42112K, reserved 1087488K
  class space    used 4084K, capacity 4923K, committed 4992K, reserved 1048576K
}
Event: 10.628 GC heap before
{Heap before GC invocations=31 (full 0):
 garbage-first heap   total 314368K, used 238191K [0x00000000c0000000, 0x0000000100000000)
  region size 1024K, 123 young (125952K), 13 survivors (13312K)
 Metaspace       used 39739K, capacity 41896K, committed 42112K, reserved 1087488K
  class space    used 4085K, capacity 4923K, committed 4992K, reserved 1048576K
}

Deoptimization events (10 events):
Event: 5.932 Thread 0x00007f4108077800 Uncommon trap: reason=unstable_if action=reinterpret pc=0x00007f418fce41f0 method=java.lang.ThreadLocal.set(Ljava/lang/Object;)V @ 11 c2
Event: 6.250 Thread 0x00007f4120008800 Uncommon trap: reason=predicate action=maybe_recompile pc=0x00007f418fcf7ea8 method=java.util.TreeMap.getEntryUsingComparator(Ljava/lang/Object;)Ljava/util/TreeMap$Entry; @ 19 c2
Event: 6.303 Thread 0x00007f412833d000 Uncommon trap: reason=loop_limit_check action=maybe_recompile pc=0x00007f418fcb4a34 method=org.eclipse.jdt.internal.compiler.classfmt.ClassFileStruct.utf8At(II)[C @ 143 c2
Event: 6.646 Thread 0x00007f412833d000 Uncommon trap: reason=unstable_if action=reinterpret pc=0x00007f418fcde990 method=org.eclipse.jdt.internal.core.search.indexing.BinaryIndexer.replace(CC[C)[C @ 1 c2
Event: 7.635 Thread 0x00007f412833d000 Uncommon trap: reason=unstable_if action=reinterpret pc=0x00007f418fd6ad30 method=org.eclipse.jdt.internal.compiler.classfmt.MethodInfo.decodeLocalVariableAttribute(II)V @ 14 c2
Event: 8.863 Thread 0x00007f412833d000 Uncommon trap: reason=unstable_if action=reinterpret pc=0x00007f418fd76e2c method=org.eclipse.jdt.internal.compiler.classfmt.MethodInfo.createMethod([B[IIJ)Lorg/eclipse/jdt/internal/compiler/classfmt/MethodInfo; @ 167 c2
Event: 8.863 Thread 0x00007f412833d000 Uncommon trap: reason=unstable_if action=reinterpret pc=0x00007f418fd78250 method=org.eclipse.jdt.internal.compiler.classfmt.MethodInfo.readModifierRelatedAttributes()V @ 136 c2
Event: 9.444 Thread 0x00007f412833d000 Uncommon trap: reason=unstable_if action=reinterpret pc=0x00007f418fd9eea4 method=org.eclipse.jdt.internal.core.search.indexing.BinaryIndexer.extractArgCount([C[C)I @ 239 c2
Event: 10.023 Thread 0x00007f412833d000 Uncommon trap: reason=unstable_if action=reinterpret pc=0x00007f418fcb7d38 method=org.eclipse.jdt.internal.compiler.util.Util.isClassFileName(Ljava/lang/String;)Z @ 20 c2
Event: 10.439 Thread 0x00007f412833d000 Uncommon trap: reason=unstable_if action=reinterpret pc=0x00007f418fdb0770 method=org.eclipse.jdt.internal.compiler.classfmt.MethodInfo.createMethod([B[IIJ)Lorg/eclipse/jdt/internal/compiler/classfmt/MethodInfo; @ 92 c2

Classes redefined (0 events):
No events

Internal exceptions (10 events):
Event: 5.971 Thread 0x00007f4120008800 Exception <a 'java/io/FileNotFoundException'{0x00000000c3f097e0}> (0x00000000c3f097e0) thrown at [/scratch/opt/mach5/mesos/work_dir/slaves/dd0bab7c-a530-4905-bb6b-daa7153eb2c1-S122/frameworks/1735e8a2-a1db-478c-8104-60c8b0af87dd-0196/executors/99f85cae-f7
Event: 5.971 Thread 0x00007f4120008800 Exception <a 'java/io/FileNotFoundException'{0x00000000c3f0ade8}> (0x00000000c3f0ade8) thrown at [/scratch/opt/mach5/mesos/work_dir/slaves/dd0bab7c-a530-4905-bb6b-daa7153eb2c1-S122/frameworks/1735e8a2-a1db-478c-8104-60c8b0af87dd-0196/executors/99f85cae-f7
Event: 6.248 Thread 0x00007f4120008800 Exception <a 'sun/nio/fs/UnixException'{0x00000000c3a07428}> (0x00000000c3a07428) thrown at [/scratch/opt/mach5/mesos/work_dir/slaves/dd0bab7c-a530-4905-bb6b-daa7153eb2c1-S122/frameworks/1735e8a2-a1db-478c-8104-60c8b0af87dd-0196/executors/99f85cae-f7c3-4f
Event: 6.271 Thread 0x00007f4120008800 Exception <a 'java/lang/ArrayIndexOutOfBoundsException'{0x00000000c3aa0310}: Index 144 out of bounds for length 144> (0x00000000c3aa0310) thrown at [/scratch/opt/mach5/mesos/work_dir/slaves/dd0bab7c-a530-4905-bb6b-daa7153eb2c1-S122/frameworks/1735e8a2-a1d
Event: 6.283 Thread 0x00007f4120008800 Exception <a 'java/lang/NoSuchMethodError'{0x00000000c3998878}: java.lang.invoke.DirectMethodHandle$Holder.invokeVirtual(Ljava/lang/Object;Ljava/lang/Object;)I> (0x00000000c3998878) thrown at [/scratch/opt/mach5/mesos/work_dir/slaves/dd0bab7c-a530-4905-bb
Event: 6.308 Thread 0x00007f4120008800 Exception <a 'java/lang/NoSuchMethodError'{0x00000000c38abed0}: java.lang.invoke.DirectMethodHandle$Holder.invokeVirtual(Ljava/lang/Object;Ljava/lang/Object;Ljava/lang/Object;)I> (0x00000000c38abed0) thrown at [/scratch/opt/mach5/mesos/work_dir/slaves/dd0
Event: 6.440 Thread 0x00007f4120008800 Exception <a 'sun/nio/fs/UnixException'{0x00000000c653f368}> (0x00000000c653f368) thrown at [/scratch/opt/mach5/mesos/work_dir/slaves/dd0bab7c-a530-4905-bb6b-daa7153eb2c1-S122/frameworks/1735e8a2-a1db-478c-8104-60c8b0af87dd-0196/executors/99f85cae-f7c3-4f
Event: 6.441 Thread 0x00007f4120008800 Exception <a 'sun/nio/fs/UnixException'{0x00000000c65400d8}> (0x00000000c65400d8) thrown at [/scratch/opt/mach5/mesos/work_dir/slaves/dd0bab7c-a530-4905-bb6b-daa7153eb2c1-S122/frameworks/1735e8a2-a1db-478c-8104-60c8b0af87dd-0196/executors/99f85cae-f7c3-4f
Event: 6.522 Thread 0x00007f4108001800 Exception <a 'java/lang/NoSuchMethodError'{0x00000000c6090428}: java.lang.invoke.Invokers$Holder.linkToTargetMethod(Ljava/lang/Object;Ljava/lang/Object;ILjava/lang/Object;Ljava/lang/Object;)Ljava/lang/Object;> (0x00000000c6090428) thrown at [/scratch/opt/
Event: 6.646 Thread 0x00007f412833d000 Implicit null exception at 0x00007f418fcde85f to 0x00007f418fcde97a

Events (10 events):
Event: 10.615 Thread 0x00007f412833d000 DEOPT UNPACKING pc=0x00007f418814913a sp=0x00007f4127cfc600 mode 0
Event: 10.618 Thread 0x00007f412833d000 DEOPT PACKING pc=0x00007f4188f21eb0 sp=0x00007f4127cfd070
Event: 10.618 Thread 0x00007f412833d000 DEOPT UNPACKING pc=0x00007f418814913a sp=0x00007f4127cfc600 mode 0
Event: 10.620 Thread 0x00007f412833d000 DEOPT PACKING pc=0x00007f4188f21eb0 sp=0x00007f4127cfd070
Event: 10.620 Thread 0x00007f412833d000 DEOPT UNPACKING pc=0x00007f418814913a sp=0x00007f4127cfc600 mode 0
Event: 10.623 Thread 0x00007f412833d000 DEOPT PACKING pc=0x00007f4188f21eb0 sp=0x00007f4127cfd070
Event: 10.623 Thread 0x00007f412833d000 DEOPT UNPACKING pc=0x00007f418814913a sp=0x00007f4127cfc600 mode 0
Event: 10.626 Thread 0x00007f412833d000 DEOPT PACKING pc=0x00007f4188f21f0f sp=0x00007f4127cfd070
Event: 10.626 Thread 0x00007f412833d000 DEOPT UNPACKING pc=0x00007f418814913a sp=0x00007f4127cfc600 mode 0
Event: 10.628 Executing VM operation: G1CollectForAllocation


Dynamic libraries:
00400000-00401000 r-xp 00000000 08:05 412329                             /usr/local/jdk-12.0.2/bin/java
00600000-00601000 r--p 00000000 08:05 412329                             /usr/local/jdk-12.0.2/bin/java
00601000-00602000 rw-p 00001000 08:05 412329                             /usr/local/jdk-12.0.2/bin/java
010b3000-0111a000 rw-p 00000000 00:00 0                                  [heap]
c0000000-d3100000 rw-p 00000000 00:00 0 
dc100000-ffe00000 ---p 00000000 00:00 0 
ffe00000-ffe49000 rw-p 0117f000 08:05 431119                             /usr/local/jdk-12.0.2/lib/server/classes.jsa
ffe49000-fff00000 rw-p 00000000 00:00 0 
fff00000-fff72000 rw-p 0110d000 08:05 431119                             /usr/local/jdk-12.0.2/lib/server/classes.jsa
fff72000-100000000 rw-p 00000000 00:00 0 
800000000-800003000 rwxp 00001000 08:05 431119                           /usr/local/jdk-12.0.2/lib/server/classes.jsa
800003000-8003d0000 rw-p 00004000 08:05 431119                           /usr/local/jdk-12.0.2/lib/server/classes.jsa
8003d0000-800ad0000 r--p 003d1000 08:05 431119                           /usr/local/jdk-12.0.2/lib/server/classes.jsa
800ad0000-800ad1000 rw-p 00ad1000 08:05 431119                           /usr/local/jdk-12.0.2/lib/server/classes.jsa
800ad1000-80110c000 r--p 00ad2000 08:05 431119                           /usr/local/jdk-12.0.2/lib/server/classes.jsa
80110c000-8015ec000 rw-p 00000000 00:00 0 
8015ec000-84110c000 ---p 00000000 00:00 0 
7f40fbb7d000-7f4104000000 r--s 00000000 08:05 431109                     /usr/local/jdk-12.0.2/lib/modules
7f4104000000-7f4104021000 rw-p 00000000 00:00 0 
7f4104021000-7f4108000000 ---p 00000000 00:00 0 
7f4108000000-7f410815f000 rw-p 00000000 00:00 0 
7f410815f000-7f410c000000 ---p 00000000 00:00 0 
7f410c000000-7f410c022000 rw-p 00000000 00:00 0 
7f410c022000-7f4110000000 ---p 00000000 00:00 0 
7f4110000000-7f4110021000 rw-p 00000000 00:00 0 
7f4110021000-7f4114000000 ---p 00000000 00:00 0 
7f4114000000-7f4114092000 rw-p 00000000 00:00 0 
7f4114092000-7f4118000000 ---p 00000000 00:00 0 
7f4118000000-7f4118066000 rw-p 00000000 00:00 0 
7f4118066000-7f411c000000 ---p 00000000 00:00 0 
7f411c000000-7f411c182000 rw-p 00000000 00:00 0 
7f411c182000-7f4120000000 ---p 00000000 00:00 0 
7f4120000000-7f412005b000 rw-p 00000000 00:00 0 
7f412005b000-7f4124000000 ---p 00000000 00:00 0 
7f41256ef000-7f412572f000 rw-p 00000000 00:00 0 
7f412572f000-7f41258f3000 ---p 00000000 00:00 0 
7f41258f3000-7f4125bf0000 rw-p 00000000 00:00 0 
7f4125bf0000-7f4125bf4000 ---p 00000000 00:00 0 
7f4125bf4000-7f4125ef1000 rw-p 00000000 00:00 0 
7f4125ef1000-7f4125ef5000 ---p 00000000 00:00 0 
7f4125ef5000-7f41261f2000 rw-p 00000000 00:00 0 
7f41261f2000-7f41263f2000 rw-p 00000000 00:00 0 
7f41263f2000-7f41263f6000 ---p 00000000 00:00 0 
7f41263f6000-7f41264f3000 rw-p 00000000 00:00 0 
7f41264f3000-7f41264f7000 ---p 00000000 00:00 0 
7f41264f7000-7f41267f4000 rw-p 00000000 00:00 0 
7f41267f4000-7f41267f8000 ---p 00000000 00:00 0 
7f41267f8000-7f4126af5000 rw-p 00000000 00:00 0 
7f4126af5000-7f4126af9000 ---p 00000000 00:00 0 
7f4126af9000-7f4126df6000 rw-p 00000000 00:00 0 
7f4126df6000-7f4126ff6000 rw-p 00000000 00:00 0 
7f4126ff6000-7f41271f6000 rw-p 00000000 00:00 0 
7f41271f6000-7f41273f6000 rw-p 00000000 00:00 0 
7f41273f6000-7f41275f6000 rw-p 00000000 00:00 0 
7f41275f6000-7f41275f7000 ---p 00000000 00:00 0 
7f41275f7000-7f41276f8000 rw-p 00000000 00:00 0 
7f41276f8000-7f41276f9000 ---p 00000000 00:00 0 
7f41276f9000-7f41277fa000 rw-p 00000000 00:00 0 
7f41277fa000-7f41277fb000 ---p 00000000 00:00 0 
7f41277fb000-7f41278fc000 rw-p 00000000 00:00 0 
7f41278fc000-7f41278fd000 ---p 00000000 00:00 0 
7f41278fd000-7f4127bfe000 rw-p 00000000 00:00 0 
7f4127bfe000-7f4127c02000 ---p 00000000 00:00 0 
7f4127c02000-7f4127eff000 rw-p 00000000 00:00 0 
7f4127eff000-7f4127f03000 ---p 00000000 00:00 0 
7f4127f03000-7f4128000000 rw-p 00000000 00:00 0 
7f4128000000-7f4128b06000 rw-p 00000000 00:00 0 
7f4128b06000-7f412c000000 ---p 00000000 00:00 0 
7f412c000000-7f412c021000 rw-p 00000000 00:00 0 
7f412c021000-7f4130000000 ---p 00000000 00:00 0 
7f4130000000-7f4130021000 rw-p 00000000 00:00 0 
7f4130021000-7f4134000000 ---p 00000000 00:00 0 
7f4134000000-7f4134021000 rw-p 00000000 00:00 0 
7f4134021000-7f4138000000 ---p 00000000 00:00 0 
7f4138000000-7f4138021000 rw-p 00000000 00:00 0 
7f4138021000-7f413c000000 ---p 00000000 00:00 0 
7f413c000000-7f413c021000 rw-p 00000000 00:00 0 
7f413c021000-7f4140000000 ---p 00000000 00:00 0 
7f4140000000-7f4140021000 rw-p 00000000 00:00 0 
7f4140021000-7f4144000000 ---p 00000000 00:00 0 
7f4144000000-7f4144021000 rw-p 00000000 00:00 0 
7f4144021000-7f4148000000 ---p 00000000 00:00 0 
7f4148000000-7f4148021000 rw-p 00000000 00:00 0 
7f4148021000-7f414c000000 ---p 00000000 00:00 0 
7f414c000000-7f414c021000 rw-p 00000000 00:00 0 
7f414c021000-7f4150000000 ---p 00000000 00:00 0 
7f4150000000-7f4152776000 rw-p 00000000 00:00 0 
7f4152776000-7f4154000000 ---p 00000000 00:00 0 
7f4154000000-7f4154e07000 rw-p 00000000 00:00 0 
7f4154e07000-7f4158000000 ---p 00000000 00:00 0 
7f4158000000-7f4158021000 rw-p 00000000 00:00 0 
7f4158021000-7f415c000000 ---p 00000000 00:00 0 
7f415c000000-7f415c021000 rw-p 00000000 00:00 0 
7f415c021000-7f4160000000 ---p 00000000 00:00 0 
7f4160000000-7f4160540000 rw-p 00000000 00:00 0 
7f4160540000-7f4164000000 ---p 00000000 00:00 0 
7f4164000000-7f4164021000 rw-p 00000000 00:00 0 
7f4164021000-7f4168000000 ---p 00000000 00:00 0 
7f4168000000-7f4168021000 rw-p 00000000 00:00 0 
7f4168021000-7f416c000000 ---p 00000000 00:00 0 
7f416c000000-7f416c325000 rw-p 00000000 00:00 0 
7f416c325000-7f4170000000 ---p 00000000 00:00 0 
7f4170000000-7f4170032000 rw-p 00000000 00:00 0 
7f4170032000-7f4174000000 ---p 00000000 00:00 0 
7f4174084000-7f4174088000 ---p 00000000 00:00 0 
7f4174088000-7f4174185000 rw-p 00000000 00:00 0 
7f4174185000-7f4174189000 ---p 00000000 00:00 0 
7f4174189000-7f4174486000 rw-p 00000000 00:00 0 
7f4174486000-7f4174496000 r-xp 00000000 08:05 876583                     /home/jiwoo/.vscode/extensions/redhat.java-0.49.0/server/config_linux/org.eclipse.equinox.launcher/org.eclipse.equinox.launcher.gtk.linux.x86_64_1.1.1100.v20190907-0426/eclipse_1801.so
7f4174496000-7f4174695000 ---p 00010000 08:05 876583                     /home/jiwoo/.vscode/extensions/redhat.java-0.49.0/server/config_linux/org.eclipse.equinox.launcher/org.eclipse.equinox.launcher.gtk.linux.x86_64_1.1.1100.v20190907-0426/eclipse_1801.so
7f4174695000-7f4174696000 r--p 0000f000 08:05 876583                     /home/jiwoo/.vscode/extensions/redhat.java-0.49.0/server/config_linux/org.eclipse.equinox.launcher/org.eclipse.equinox.launcher.gtk.linux.x86_64_1.1.1100.v20190907-0426/eclipse_1801.so
7f4174696000-7f4174697000 rw-p 00010000 08:05 876583                     /home/jiwoo/.vscode/extensions/redhat.java-0.49.0/server/config_linux/org.eclipse.equinox.launcher/org.eclipse.equinox.launcher.gtk.linux.x86_64_1.1.1100.v20190907-0426/eclipse_1801.so
7f4174697000-7f417469b000 ---p 00000000 00:00 0 
7f417469b000-7f4174798000 rw-p 00000000 00:00 0 
7f4174798000-7f417479c000 ---p 00000000 00:00 0 
7f417479c000-7f4174899000 rw-p 00000000 00:00 0 
7f4174899000-7f417489d000 ---p 00000000 00:00 0 
7f417489d000-7f417499a000 rw-p 00000000 00:00 0 
7f417499a000-7f417499b000 ---p 00000000 00:00 0 
7f417499b000-7f4174a9c000 rw-p 00000000 00:00 0 
7f4174a9c000-7f4174aa0000 ---p 00000000 00:00 0 
7f4174aa0000-7f4174abe000 rw-p 00000000 00:00 0 
7f4174abe000-7f4174ad4000 r-xp 00000000 08:05 431098                     /usr/local/jdk-12.0.2/lib/libnet.so
7f4174ad4000-7f4174cd4000 ---p 00016000 08:05 431098                     /usr/local/jdk-12.0.2/lib/libnet.so
7f4174cd4000-7f4174cd5000 r--p 00016000 08:05 431098                     /usr/local/jdk-12.0.2/lib/libnet.so
7f4174cd5000-7f4174cd6000 rw-p 00017000 08:05 431098                     /usr/local/jdk-12.0.2/lib/libnet.so
7f4174cd6000-7f4174ce7000 r-xp 00000000 08:05 431099                     /usr/local/jdk-12.0.2/lib/libnio.so
7f4174ce7000-7f4174ee6000 ---p 00011000 08:05 431099                     /usr/local/jdk-12.0.2/lib/libnio.so
7f4174ee6000-7f4174ee7000 r--p 00010000 08:05 431099                     /usr/local/jdk-12.0.2/lib/libnio.so
7f4174ee7000-7f4174ee8000 rw-p 00011000 08:05 431099                     /usr/local/jdk-12.0.2/lib/libnio.so
7f4174ee8000-7f4174ee9000 ---p 00000000 00:00 0 
7f4174ee9000-7f4174fea000 rw-p 00000000 00:00 0 
7f4174fea000-7f4174fee000 ---p 00000000 00:00 0 
7f4174fee000-7f41750eb000 rw-p 00000000 00:00 0 
7f41750eb000-7f41750ef000 ---p 00000000 00:00 0 
7f41750ef000-7f41751ec000 rw-p 00000000 00:00 0 
7f41751ec000-7f41751f0000 ---p 00000000 00:00 0 
7f41751f0000-7f41752ed000 rw-p 00000000 00:00 0 
7f41752ed000-7f41752f1000 ---p 00000000 00:00 0 
7f41752f1000-7f41753ee000 rw-p 00000000 00:00 0 
7f41753ee000-7f41753f2000 ---p 00000000 00:00 0 
7f41753f2000-7f41754ef000 rw-p 00000000 00:00 0 
7f41754ef000-7f4176000000 r--p 00000000 08:05 399357                     /usr/lib/locale/locale-archive
7f4176000000-7f4178000000 rw-p 00000000 00:00 0 
7f4178000000-7f4178021000 rw-p 00000000 00:00 0 
7f4178021000-7f417c000000 ---p 00000000 00:00 0 
7f417c000000-7f417c021000 rw-p 00000000 00:00 0 
7f417c021000-7f4180000000 ---p 00000000 00:00 0 
7f4180000000-7f4180021000 rw-p 00000000 00:00 0 
7f4180021000-7f4184000000 ---p 00000000 00:00 0 
7f418401c000-7f4184020000 ---p 00000000 00:00 0 
7f4184020000-7f418411d000 rw-p 00000000 00:00 0 
7f418411d000-7f4184121000 ---p 00000000 00:00 0 
7f4184121000-7f418421e000 rw-p 00000000 00:00 0 
7f418421e000-7f4184222000 ---p 00000000 00:00 0 
7f4184222000-7f418431f000 rw-p 00000000 00:00 0 
7f418431f000-7f4184320000 ---p 00000000 00:00 0 
7f4184320000-7f4184c21000 rw-p 00000000 00:00 0 
7f4184c21000-7f4184c22000 ---p 00000000 00:00 0 
7f4184c22000-7f4184d23000 rw-p 00000000 00:00 0 
7f4184d23000-7f4184d24000 ---p 00000000 00:00 0 
7f4184d24000-7f4184e25000 rw-p 00000000 00:00 0 
7f4184e25000-7f4184e26000 ---p 00000000 00:00 0 
7f4184e26000-7f418532b000 rw-p 00000000 00:00 0 
7f418532b000-7f418532c000 ---p 00000000 00:00 0 
7f418532c000-7f418542d000 rw-p 00000000 00:00 0 
7f418542d000-7f418542e000 ---p 00000000 00:00 0 
7f418542e000-7f418552f000 rw-p 00000000 00:00 0 
7f418552f000-7f4185530000 ---p 00000000 00:00 0 
7f4185530000-7f4185af5000 rw-p 00000000 00:00 0 
7f4185af5000-7f4186629000 ---p 00000000 00:00 0 
7f4186629000-7f4186af5000 rw-p 00000000 00:00 0 
7f4186af5000-7f4187629000 ---p 00000000 00:00 0 
7f4187629000-7f41876ca000 rw-p 00000000 00:00 0 
7f41876ca000-7f4187830000 ---p 00000000 00:00 0 
7f4187830000-7f41878ca000 rw-p 00000000 00:00 0 
7f41878ca000-7f4187a30000 ---p 00000000 00:00 0 
7f4187a30000-7f4187aca000 rw-p 00000000 00:00 0 
7f4187aca000-7f4187c30000 ---p 00000000 00:00 0 
7f4187c30000-7f418803a000 rw-p 00000000 00:00 0 
7f418803a000-7f4188120000 ---p 00000000 00:00 0 
7f4188120000-7f4188390000 rwxp 00000000 00:00 0 
7f4188390000-7f41886b0000 ---p 00000000 00:00 0 
7f41886b0000-7f4188ff0000 rwxp 00000000 00:00 0 
7f4188ff0000-7f418fbe8000 ---p 00000000 00:00 0 
7f418fbe8000-7f418fe58000 rwxp 00000000 00:00 0 
7f418fe58000-7f4197120000 ---p 00000000 00:00 0 
7f4197120000-7f419f5a3000 r--s 00000000 08:05 431109                     /usr/local/jdk-12.0.2/lib/modules
7f419f5a3000-7f419f5be000 r-xp 00000000 08:05 431089                     /usr/local/jdk-12.0.2/lib/libjimage.so
7f419f5be000-7f419f7bd000 ---p 0001b000 08:05 431089                     /usr/local/jdk-12.0.2/lib/libjimage.so
7f419f7bd000-7f419f7bf000 r--p 0001a000 08:05 431089                     /usr/local/jdk-12.0.2/lib/libjimage.so
7f419f7bf000-7f419f7c0000 rw-p 0001c000 08:05 431089                     /usr/local/jdk-12.0.2/lib/libjimage.so
7f419f7c0000-7f419f7c7000 r-xp 00000000 08:05 431108                     /usr/local/jdk-12.0.2/lib/libzip.so
7f419f7c7000-7f419f9c6000 ---p 00007000 08:05 431108                     /usr/local/jdk-12.0.2/lib/libzip.so
7f419f9c6000-7f419f9c7000 r--p 00006000 08:05 431108                     /usr/local/jdk-12.0.2/lib/libzip.so
7f419f9c7000-7f419f9c8000 rw-p 00007000 08:05 431108                     /usr/local/jdk-12.0.2/lib/libzip.so
7f419f9c8000-7f419f9d3000 r-xp 00000000 08:05 1444892                    /lib/x86_64-linux-gnu/libnss_files-2.27.so
7f419f9d3000-7f419fbd2000 ---p 0000b000 08:05 1444892                    /lib/x86_64-linux-gnu/libnss_files-2.27.so
7f419fbd2000-7f419fbd3000 r--p 0000a000 08:05 1444892                    /lib/x86_64-linux-gnu/libnss_files-2.27.so
7f419fbd3000-7f419fbd4000 rw-p 0000b000 08:05 1444892                    /lib/x86_64-linux-gnu/libnss_files-2.27.so
7f419fbd4000-7f419fbda000 rw-p 00000000 00:00 0 
7f419fbda000-7f419fbf1000 r-xp 00000000 08:05 1444886                    /lib/x86_64-linux-gnu/libnsl-2.27.so
7f419fbf1000-7f419fdf0000 ---p 00017000 08:05 1444886                    /lib/x86_64-linux-gnu/libnsl-2.27.so
7f419fdf0000-7f419fdf1000 r--p 00016000 08:05 1444886                    /lib/x86_64-linux-gnu/libnsl-2.27.so
7f419fdf1000-7f419fdf2000 rw-p 00017000 08:05 1444886                    /lib/x86_64-linux-gnu/libnsl-2.27.so
7f419fdf2000-7f419fdf4000 rw-p 00000000 00:00 0 
7f419fdf4000-7f419fdff000 r-xp 00000000 08:05 1444903                    /lib/x86_64-linux-gnu/libnss_nis-2.27.so
7f419fdff000-7f419fffe000 ---p 0000b000 08:05 1444903                    /lib/x86_64-linux-gnu/libnss_nis-2.27.so
7f419fffe000-7f419ffff000 r--p 0000a000 08:05 1444903                    /lib/x86_64-linux-gnu/libnss_nis-2.27.so
7f419ffff000-7f41a0000000 rw-p 0000b000 08:05 1444903                    /lib/x86_64-linux-gnu/libnss_nis-2.27.so
7f41a0000000-7f41a059e000 rw-p 00000000 00:00 0 
7f41a059e000-7f41a4000000 ---p 00000000 00:00 0 
7f41a401c000-7f41a40b0000 rw-p 00000000 00:00 0 
7f41a40b0000-7f41a4188000 ---p 00000000 00:00 0 
7f41a4188000-7f41a4190000 r-xp 00000000 08:05 1444888                    /lib/x86_64-linux-gnu/libnss_compat-2.27.so
7f41a4190000-7f41a4390000 ---p 00008000 08:05 1444888                    /lib/x86_64-linux-gnu/libnss_compat-2.27.so
7f41a4390000-7f41a4391000 r--p 00008000 08:05 1444888                    /lib/x86_64-linux-gnu/libnss_compat-2.27.so
7f41a4391000-7f41a4392000 rw-p 00009000 08:05 1444888                    /lib/x86_64-linux-gnu/libnss_compat-2.27.so
7f41a4392000-7f41a43ba000 r-xp 00000000 08:05 431085                     /usr/local/jdk-12.0.2/lib/libjava.so
7f41a43ba000-7f41a45b9000 ---p 00028000 08:05 431085                     /usr/local/jdk-12.0.2/lib/libjava.so
7f41a45b9000-7f41a45ba000 r--p 00027000 08:05 431085                     /usr/local/jdk-12.0.2/lib/libjava.so
7f41a45ba000-7f41a45bc000 rw-p 00028000 08:05 431085                     /usr/local/jdk-12.0.2/lib/libjava.so
7f41a45bc000-7f41a45c9000 r-xp 00000000 08:05 431107                     /usr/local/jdk-12.0.2/lib/libverify.so
7f41a45c9000-7f41a47c8000 ---p 0000d000 08:05 431107                     /usr/local/jdk-12.0.2/lib/libverify.so
7f41a47c8000-7f41a47ca000 r--p 0000c000 08:05 431107                     /usr/local/jdk-12.0.2/lib/libverify.so
7f41a47ca000-7f41a47cb000 rw-p 0000e000 08:05 431107                     /usr/local/jdk-12.0.2/lib/libverify.so
7f41a47cb000-7f41a47d2000 r-xp 00000000 08:05 1444943                    /lib/x86_64-linux-gnu/librt-2.27.so
7f41a47d2000-7f41a49d1000 ---p 00007000 08:05 1444943                    /lib/x86_64-linux-gnu/librt-2.27.so
7f41a49d1000-7f41a49d2000 r--p 00006000 08:05 1444943                    /lib/x86_64-linux-gnu/librt-2.27.so
7f41a49d2000-7f41a49d3000 rw-p 00007000 08:05 1444943                    /lib/x86_64-linux-gnu/librt-2.27.so
7f41a49d3000-7f41a4b70000 r-xp 00000000 08:05 1444865                    /lib/x86_64-linux-gnu/libm-2.27.so
7f41a4b70000-7f41a4d6f000 ---p 0019d000 08:05 1444865                    /lib/x86_64-linux-gnu/libm-2.27.so
7f41a4d6f000-7f41a4d70000 r--p 0019c000 08:05 1444865                    /lib/x86_64-linux-gnu/libm-2.27.so
7f41a4d70000-7f41a4d71000 rw-p 0019d000 08:05 1444865                    /lib/x86_64-linux-gnu/libm-2.27.so
7f41a4d71000-7f41a5ed4000 r-xp 00000000 08:05 431121                     /usr/local/jdk-12.0.2/lib/server/libjvm.so
7f41a5ed4000-7f41a60d4000 ---p 01163000 08:05 431121                     /usr/local/jdk-12.0.2/lib/server/libjvm.so
7f41a60d4000-7f41a6195000 r--p 01163000 08:05 431121                     /usr/local/jdk-12.0.2/lib/server/libjvm.so
7f41a6195000-7f41a61ce000 rw-p 01224000 08:05 431121                     /usr/local/jdk-12.0.2/lib/server/libjvm.so
7f41a61ce000-7f41a6251000 rw-p 00000000 00:00 0 
7f41a6251000-7f41a6438000 r-xp 00000000 08:05 1444802                    /lib/x86_64-linux-gnu/libc-2.27.so
7f41a6438000-7f41a6638000 ---p 001e7000 08:05 1444802                    /lib/x86_64-linux-gnu/libc-2.27.so
7f41a6638000-7f41a663c000 r--p 001e7000 08:05 1444802                    /lib/x86_64-linux-gnu/libc-2.27.so
7f41a663c000-7f41a663e000 rw-p 001eb000 08:05 1444802                    /lib/x86_64-linux-gnu/libc-2.27.so
7f41a663e000-7f41a6642000 rw-p 00000000 00:00 0 
7f41a6642000-7f41a6645000 r-xp 00000000 08:05 1444825                    /lib/x86_64-linux-gnu/libdl-2.27.so
7f41a6645000-7f41a6844000 ---p 00003000 08:05 1444825                    /lib/x86_64-linux-gnu/libdl-2.27.so
7f41a6844000-7f41a6845000 r--p 00002000 08:05 1444825                    /lib/x86_64-linux-gnu/libdl-2.27.so
7f41a6845000-7f41a6846000 rw-p 00003000 08:05 1444825                    /lib/x86_64-linux-gnu/libdl-2.27.so
7f41a6846000-7f41a6860000 r-xp 00000000 08:05 1444935                    /lib/x86_64-linux-gnu/libpthread-2.27.so
7f41a6860000-7f41a6a5f000 ---p 0001a000 08:05 1444935                    /lib/x86_64-linux-gnu/libpthread-2.27.so
7f41a6a5f000-7f41a6a60000 r--p 00019000 08:05 1444935                    /lib/x86_64-linux-gnu/libpthread-2.27.so
7f41a6a60000-7f41a6a61000 rw-p 0001a000 08:05 1444935                    /lib/x86_64-linux-gnu/libpthread-2.27.so
7f41a6a61000-7f41a6a65000 rw-p 00000000 00:00 0 
7f41a6a65000-7f41a6a75000 r-xp 00000000 08:05 431090                     /usr/local/jdk-12.0.2/lib/libjli.so
7f41a6a75000-7f41a6c74000 ---p 00010000 08:05 431090                     /usr/local/jdk-12.0.2/lib/libjli.so
7f41a6c74000-7f41a6c75000 r--p 0000f000 08:05 431090                     /usr/local/jdk-12.0.2/lib/libjli.so
7f41a6c75000-7f41a6c76000 rw-p 00010000 08:05 431090                     /usr/local/jdk-12.0.2/lib/libjli.so
7f41a6c76000-7f41a6c92000 r-xp 00000000 08:05 1444974                    /lib/x86_64-linux-gnu/libz.so.1.2.11
7f41a6c92000-7f41a6e91000 ---p 0001c000 08:05 1444974                    /lib/x86_64-linux-gnu/libz.so.1.2.11
7f41a6e91000-7f41a6e92000 r--p 0001b000 08:05 1444974                    /lib/x86_64-linux-gnu/libz.so.1.2.11
7f41a6e92000-7f41a6e93000 rw-p 0001c000 08:05 1444974                    /lib/x86_64-linux-gnu/libz.so.1.2.11
7f41a6e93000-7f41a6eba000 r-xp 00000000 08:05 1444774                    /lib/x86_64-linux-gnu/ld-2.27.so
7f41a6eda000-7f41a6f99000 rw-p 00000000 00:00 0 
7f41a6f99000-7f41a6f9d000 ---p 00000000 00:00 0 
7f41a6f9d000-7f41a709e000 rw-p 00000000 00:00 0 
7f41a70a3000-7f41a70a8000 rw-p 00000000 00:00 0 
7f41a70a8000-7f41a70af000 ---p 00000000 00:00 0 
7f41a70af000-7f41a70b7000 rw-s 00000000 08:05 526908                     /tmp/hsperfdata_jiwoo/12260
7f41a70b7000-7f41a70b8000 ---p 00000000 00:00 0 
7f41a70b8000-7f41a70b9000 r--p 00000000 00:00 0 
7f41a70b9000-7f41a70ba000 ---p 00000000 00:00 0 
7f41a70ba000-7f41a70bb000 r--p 00027000 08:05 1444774                    /lib/x86_64-linux-gnu/ld-2.27.so
7f41a70bb000-7f41a70bc000 rw-p 00028000 08:05 1444774                    /lib/x86_64-linux-gnu/ld-2.27.so
7f41a70bc000-7f41a70bd000 rw-p 00000000 00:00 0 
7ffda6e46000-7ffda6e68000 rw-p 00000000 00:00 0                          [stack]
7ffda6fa7000-7ffda6faa000 r--p 00000000 00:00 0                          [vvar]
7ffda6faa000-7ffda6fac000 r-xp 00000000 00:00 0                          [vdso]
ffffffffff600000-ffffffffff601000 r-xp 00000000 00:00 0                  [vsyscall]


VM Arguments:
jvm_args: --add-modules=ALL-SYSTEM --add-opens=java.base/java.util=ALL-UNNAMED --add-opens=java.base/java.lang=ALL-UNNAMED -Declipse.application=org.eclipse.jdt.ls.core.id1 -Dosgi.bundles.defaultStartLevel=4 -Declipse.product=org.eclipse.jdt.ls.core.product -Dfile.encoding=utf8 -Xverify:none -Xmx1G -XX:+UseG1GC -XX:+UseStringDeduplication 
java_command: /home/jiwoo/.vscode/extensions/redhat.java-0.49.0/server/plugins/org.eclipse.equinox.launcher_1.5.500.v20190715-1310.jar -configuration /home/jiwoo/.vscode/extensions/redhat.java-0.49.0/server/config_linux -data /home/jiwoo/.config/Code/User/workspaceStorage/b827e88373668a593810e2bbf8963356/redhat.java/jdt_ws
java_class_path (initial): /home/jiwoo/.vscode/extensions/redhat.java-0.49.0/server/plugins/org.eclipse.equinox.launcher_1.5.500.v20190715-1310.jar
Launcher Type: SUN_STANDARD

[Global flags]
     bool BytecodeVerificationLocal                = false                                     {product} {command line}
     bool BytecodeVerificationRemote               = false                                     {product} {command line}
     intx CICompilerCount                          = 3                                         {product} {ergonomic}
     uint ConcGCThreads                            = 1                                         {product} {ergonomic}
     uint G1ConcRefinementThreads                  = 4                                         {product} {ergonomic}
   size_t G1HeapRegionSize                         = 1048576                                   {product} {ergonomic}
    uintx GCDrainStackTargetSize                   = 64                                        {product} {ergonomic}
   size_t InitialHeapSize                          = 62914560                                  {product} {ergonomic}
   size_t MarkStackSize                            = 4194304                                   {product} {ergonomic}
   size_t MaxHeapSize                              = 1073741824                                {product} {command line}
   size_t MaxNewSize                               = 643825664                                 {product} {ergonomic}
   size_t MinHeapDeltaBytes                        = 1048576                                   {product} {ergonomic}
    uintx NonNMethodCodeHeapSize                   = 5830732                                {pd product} {ergonomic}
    uintx NonProfiledCodeHeapSize                  = 122913754                              {pd product} {ergonomic}
    uintx ProfiledCodeHeapSize                     = 122913754                              {pd product} {ergonomic}
    uintx ReservedCodeCacheSize                    = 251658240                              {pd product} {ergonomic}
     bool SegmentedCodeCache                       = true                                      {product} {ergonomic}
     bool UseCompressedClassPointers               = true                                 {lp64_product} {ergonomic}
     bool UseCompressedOops                        = true                                 {lp64_product} {ergonomic}
     bool UseG1GC                                  = true                                      {product} {command line}
     bool UseStringDeduplication                   = true                                      {product} {command line}

Logging:
Log output configuration:
 #0: stdout all=warning uptime,level,tags
 #1: stderr all=off uptime,level,tags

Environment Variables:
JAVA_HOME=/usr/local/jdk-12.0.2
CLASSPATH=/usr/local/jdk-12.0.2/lib/tools.jar
PATH=/home/jiwoo/anaconda3/bin:/home/jiwoo/anaconda3/condabin:/home/jiwoo/.local/bin:/usr/local/sbin:/usr/local/bin:/usr/sbin:/usr/bin:/sbin:/bin:/usr/games:/usr/local/games:/snap/bin:/usr/local/jdk-12.0.2/bin
USERNAME=jiwoo
SHELL=/bin/bash
DISPLAY=:0

Signal Handlers:
SIGSEGV: [libjvm.so+0xe44380], sa_mask[0]=11111111011111111101111111111110, sa_flags=SA_RESTART|SA_SIGINFO
SIGBUS: [libjvm.so+0xe44380], sa_mask[0]=11111111011111111101111111111110, sa_flags=SA_RESTART|SA_SIGINFO
SIGFPE: [libjvm.so+0xe44380], sa_mask[0]=11111111011111111101111111111110, sa_flags=SA_RESTART|SA_SIGINFO
SIGPIPE: [libjvm.so+0xbf3e70], sa_mask[0]=11111111011111111101111111111110, sa_flags=SA_RESTART|SA_SIGINFO
SIGXFSZ: [libjvm.so+0xbf3e70], sa_mask[0]=11111111011111111101111111111110, sa_flags=SA_RESTART|SA_SIGINFO
SIGILL: [libjvm.so+0xe44380], sa_mask[0]=11111111011111111101111111111110, sa_flags=SA_RESTART|SA_SIGINFO
SIGUSR2: [libjvm.so+0xbf3d10], sa_mask[0]=00000000000000000000000000000000, sa_flags=SA_RESTART|SA_SIGINFO
SIGHUP: [libjvm.so+0xbf4070], sa_mask[0]=11111111011111111101111111111110, sa_flags=SA_RESTART|SA_SIGINFO
SIGINT: [libjvm.so+0xbf4070], sa_mask[0]=11111111011111111101111111111110, sa_flags=SA_RESTART|SA_SIGINFO
SIGTERM: [libjvm.so+0xbf4070], sa_mask[0]=11111111011111111101111111111110, sa_flags=SA_RESTART|SA_SIGINFO
SIGQUIT: [libjvm.so+0xbf4070], sa_mask[0]=11111111011111111101111111111110, sa_flags=SA_RESTART|SA_SIGINFO


---------------  S Y S T E M  ---------------

OS:DISTRIB_ID=Ubuntu
DISTRIB_RELEASE=18.04
DISTRIB_CODENAME=bionic
DISTRIB_DESCRIPTION="Ubuntu 18.04.3 LTS"
uname:Linux 4.15.0-64-generic #73-Ubuntu SMP Thu Sep 12 13:16:13 UTC 2019 x86_64
libc:glibc 2.27 NPTL 2.27 
rlimit: STACK 8192k, CORE 0k, NPROC 14769, NOFILE 4096, AS infinity, DATA infinity, FSIZE infinity
load average:1.90 1.13 0.96

/proc/meminfo:
MemTotal:        3895688 kB
MemFree:          102032 kB
MemAvailable:      57792 kB
Buffers:            1440 kB
Cached:           345532 kB
SwapCached:         5288 kB
Active:          2776936 kB
Inactive:         626056 kB
Active(anon):    2755360 kB
Inactive(anon):   562808 kB
Active(file):      21576 kB
Inactive(file):    63248 kB
Unevictable:          52 kB
Mlocked:              52 kB
SwapTotal:       1425444 kB
SwapFree:              0 kB
Dirty:               732 kB
Writeback:             0 kB
AnonPages:       3053840 kB
Mapped:           152840 kB
Shmem:            263924 kB
Slab:             173652 kB
SReclaimable:      66888 kB
SUnreclaim:       106764 kB
KernelStack:       20112 kB
PageTables:        94368 kB
NFS_Unstable:          0 kB
Bounce:                0 kB
WritebackTmp:          0 kB
CommitLimit:     3373288 kB
Committed_AS:   14249672 kB
VmallocTotal:   34359738367 kB
VmallocUsed:           0 kB
VmallocChunk:          0 kB
HardwareCorrupted:     0 kB
AnonHugePages:         0 kB
ShmemHugePages:        0 kB
ShmemPmdMapped:        0 kB
CmaTotal:              0 kB
CmaFree:               0 kB
HugePages_Total:       0
HugePages_Free:        0
HugePages_Rsvd:        0
HugePages_Surp:        0
Hugepagesize:       2048 kB
DirectMap4k:      343648 kB
DirectMap2M:     3706880 kB
DirectMap1G:           0 kB


/proc/sys/kernel/threads-max (system-wide limit on the number of threads):
29539


/proc/sys/vm/max_map_count (maximum number of memory map areas a process may have):
65530


/proc/sys/kernel/pid_max (system-wide limit on number of process identifiers):
32768



container (cgroup) information:
container_type: cgroupv1
cpu_cpuset_cpus: 0-3
cpu_memory_nodes: 0
active_processor_count: 4
cpu_quota: -1
cpu_period: 100000
cpu_shares: -1
memory_limit_in_bytes: -1
memory_and_swap_limit_in_bytes: -2
memory_soft_limit_in_bytes: -1
memory_usage_in_bytes: 3642961920
memory_max_usage_in_bytes: 3650596864


CPU:total 4 (initial active 4) (2 cores per cpu, 2 threads per core) family 6 model 142 stepping 9, cmov, cx8, fxsr, mmx, sse, sse2, sse3, ssse3, sse4.1, sse4.2, popcnt, avx, avx2, aes, clmul, erms, 3dnowpref, lzcnt, ht, tsc, tscinvbit, bmi1, bmi2, adx, fma
CPU Model and flags from /proc/cpuinfo:
model name	: Intel(R) Core(TM) i3-7100U CPU @ 2.40GHz
flags		: fpu vme de pse tsc msr pae mce cx8 apic sep mtrr pge mca cmov pat pse36 clflush dts acpi mmx fxsr sse sse2 ss ht tm pbe syscall nx pdpe1gb rdtscp lm constant_tsc art arch_perfmon pebs bts rep_good nopl xtopology nonstop_tsc cpuid aperfmperf tsc_known_freq pni pclmulqdq dtes64 monitor ds_cpl vmx est tm2 ssse3 sdbg fma cx16 xtpr pdcm pcid sse4_1 sse4_2 x2apic movbe popcnt tsc_deadline_timer aes xsave avx f16c rdrand lahf_lm abm 3dnowprefetch cpuid_fault epb invpcid_single pti ssbd ibrs ibpb stibp tpr_shadow vnmi flexpriority ept vpid fsgsbase tsc_adjust bmi1 avx2 smep bmi2 erms invpcid mpx rdseed adx smap clflushopt intel_pt xsaveopt xsavec xgetbv1 xsaves dtherm arat pln pts hwp hwp_notify hwp_act_window hwp_epp md_clear flush_l1d

Memory: 4k page, physical 3895688k(101412k free), swap 1425444k(0k free)

vm_info: Java HotSpot(TM) 64-Bit Server VM (12.0.2+10) for linux-amd64 JRE (12.0.2+10), built on Jul 16 2019 00:56:35 by "mach5one" with gcc 7.3.0

END.
